"../../../Engine/Content/Tutorial/ContentIntroCurve.uasset" 0
"../../../Engine/Content/Tutorial/ContentIntroCurve.uexp" 1
"../../../Engine/Content/MobileResources/HUD/VirtualJoystick_Background.uasset" 2
"../../../Engine/Content/MobileResources/HUD/VirtualJoystick_Background.uexp" 3
"../../../Engine/Content/MobileResources/HUD/VirtualJoystick_Thumb.uasset" 4
"../../../Engine/Content/MobileResources/HUD/VirtualJoystick_Thumb.uexp" 5
"../../../Engine/Content/MobileResources/HUD/DefaultVirtualJoysticks.uasset" 6
"../../../Engine/Content/MobileResources/HUD/DefaultVirtualJoysticks.uexp" 7
"../../../Engine/Content/Functions/Engine_MaterialFunctions01/Shading/PowerToRoughness.uasset" 8
"../../../Engine/Content/Functions/Engine_MaterialFunctions01/Shading/PowerToRoughness.uexp" 9
"../../../Engine/Content/Functions/Engine_MaterialFunctions01/Shading/ConvertFromDiffSpec.uasset" 10
"../../../Engine/Content/Functions/Engine_MaterialFunctions01/Shading/ConvertFromDiffSpec.uexp" 11
"../../../Engine/Content/EngineSounds/Master.uasset" 12
"../../../Engine/Content/EngineSounds/Master.uexp" 13
"../../../Engine/Content/EngineSky/C_Sky_Horizon_Color.uasset" 14
"../../../Engine/Content/EngineSky/C_Sky_Horizon_Color.uexp" 15
"../../../Engine/Content/EngineSky/T_Sky_Stars.ubulk" 16
"../../../Engine/Content/EngineSky/T_Sky_Stars.uasset" 17
"../../../Engine/Content/EngineSky/T_Sky_Stars.uexp" 18
"../../../Engine/Content/EngineSky/T_Sky_Clouds_M.ubulk" 19
"../../../Engine/Content/EngineSky/T_Sky_Clouds_M.uasset" 20
"../../../Engine/Content/EngineSky/T_Sky_Clouds_M.uexp" 21
"../../../Engine/Content/EngineSky/T_Sky_Blue.ubulk" 22
"../../../Engine/Content/EngineSky/T_Sky_Blue.uasset" 23
"../../../Engine/Content/EngineSky/T_Sky_Blue.uexp" 24
"../../../Engine/Content/EngineSky/M_Sky_Panning_Clouds2.uasset" 25
"../../../Engine/Content/EngineSky/M_Sky_Panning_Clouds2.uexp" 26
"../../../Engine/Content/EngineSky/SM_SkySphere.ubulk" 27
"../../../Engine/Content/EngineSky/SM_SkySphere.uasset" 28
"../../../Engine/Content/EngineSky/SM_SkySphere.uexp" 29
"../../../Engine/Content/EngineSky/C_Sky_Cloud_Color.uasset" 30
"../../../Engine/Content/EngineSky/C_Sky_Cloud_Color.uexp" 31
"../../../Engine/Content/EngineSky/C_Sky_Zenith_Color.uasset" 32
"../../../Engine/Content/EngineSky/C_Sky_Zenith_Color.uexp" 33
"../../../Engine/Content/EngineSky/BP_Sky_Sphere.uasset" 34
"../../../Engine/Content/EngineSky/BP_Sky_Sphere.uexp" 35
"../../../Engine/Content/EngineSky/VolumetricClouds/CloudWeatherTexture.uasset" 36
"../../../Engine/Content/EngineSky/VolumetricClouds/CloudWeatherTexture.uexp" 37
"../../../Engine/Content/Functions/Engine_MaterialFunctions02/Utility/MakeFloat2.uasset" 38
"../../../Engine/Content/Functions/Engine_MaterialFunctions02/Utility/MakeFloat2.uexp" 39
"../../../Engine/Content/EngineSky/VolumetricClouds/CloudGradientTexture.uasset" 40
"../../../Engine/Content/EngineSky/VolumetricClouds/CloudGradientTexture.uexp" 41
"../../../Engine/Content/EngineSky/VolumetricClouds/T_NoiseShape64.ubulk" 42
"../../../Engine/Content/EngineSky/VolumetricClouds/T_NoiseShape64.uasset" 43
"../../../Engine/Content/EngineSky/VolumetricClouds/T_NoiseShape64.uexp" 44
"../../../Engine/Content/EngineSky/VolumetricClouds/T_VolumeNoiseShape64.uasset" 45
"../../../Engine/Content/EngineSky/VolumetricClouds/T_VolumeNoiseShape64.uexp" 46
"../../../Engine/Content/EngineSky/VolumetricClouds/T_NoiseErosion.ubulk" 47
"../../../Engine/Content/EngineSky/VolumetricClouds/T_NoiseErosion.uasset" 48
"../../../Engine/Content/EngineSky/VolumetricClouds/T_NoiseErosion.uexp" 49
"../../../Engine/Content/EngineSky/VolumetricClouds/T_VolumeNoiseErosion32.uasset" 50
"../../../Engine/Content/EngineSky/VolumetricClouds/T_VolumeNoiseErosion32.uexp" 51
"../../../Engine/Content/EngineSky/VolumetricClouds/m_SimpleVolumetricCloud.uasset" 52
"../../../Engine/Content/EngineSky/VolumetricClouds/m_SimpleVolumetricCloud.uexp" 53
"../../../Engine/Content/EngineSky/VolumetricClouds/m_SimpleVolumetricCloud_Inst.uasset" 54
"../../../Engine/Content/EngineSky/VolumetricClouds/m_SimpleVolumetricCloud_Inst.uexp" 55
"../../../Engine/Content/EngineResources/GradientTexture0.uasset" 56
"../../../Engine/Content/EngineResources/GradientTexture0.uexp" 57
"../../../Engine/Content/EngineResources/DefaultVolumeTexture2D.uasset" 58
"../../../Engine/Content/EngineResources/DefaultVolumeTexture2D.uexp" 59
"../../../Engine/Content/EngineResources/DefaultVolumeTexture.uasset" 60
"../../../Engine/Content/EngineResources/DefaultVolumeTexture.uexp" 61
"../../../Engine/Content/EngineResources/DefaultTextureCube.uasset" 62
"../../../Engine/Content/EngineResources/DefaultTextureCube.uexp" 63
"../../../Engine/Content/EngineResources/DefaultTexture.ubulk" 64
"../../../Engine/Content/EngineResources/DefaultTexture.uasset" 65
"../../../Engine/Content/EngineResources/DefaultTexture.uexp" 66
"../../../Engine/Content/EngineResources/Black.uasset" 67
"../../../Engine/Content/EngineResources/Black.uexp" 68
"../../../Engine/Content/EngineResources/FilmGrains/Marcie_Grain_v3_128_M2_000.uasset" 69
"../../../Engine/Content/EngineResources/FilmGrains/Marcie_Grain_v3_128_M2_000.uexp" 70
"../../../Engine/Content/EngineMeshes/Sphere.ubulk" 71
"../../../Engine/Content/EngineMeshes/Sphere.uasset" 72
"../../../Engine/Content/EngineMeshes/Sphere.uexp" 73
"../../../Engine/Content/EngineResources/WhiteSquareTexture.uasset" 74
"../../../Engine/Content/EngineResources/WhiteSquareTexture.uexp" 75
"../../../Engine/Content/EngineMaterials/Widget3DPassThrough.uasset" 76
"../../../Engine/Content/EngineMaterials/Widget3DPassThrough.uexp" 77
"../../../Engine/Content/EngineMaterials/Widget3DPassThrough_Translucent.uasset" 78
"../../../Engine/Content/EngineMaterials/Widget3DPassThrough_Translucent.uexp" 79
"../../../Engine/Content/EngineMaterials/Widget3DPassThrough_Translucent_OneSided.uasset" 80
"../../../Engine/Content/EngineMaterials/Widget3DPassThrough_Translucent_OneSided.uexp" 81
"../../../Engine/Content/EngineMaterials/Widget3DPassThrough_Opaque.uasset" 82
"../../../Engine/Content/EngineMaterials/Widget3DPassThrough_Opaque.uexp" 83
"../../../Engine/Content/EngineMaterials/Widget3DPassThrough_Opaque_OneSided.uasset" 84
"../../../Engine/Content/EngineMaterials/Widget3DPassThrough_Opaque_OneSided.uexp" 85
"../../../Engine/Content/EngineMaterials/Widget3DPassThrough_Masked_OneSided.uasset" 86
"../../../Engine/Content/EngineMaterials/Widget3DPassThrough_Masked_OneSided.uexp" 87
"../../../Engine/Content/EngineMaterials/Widget3DPassThrough_Masked.uasset" 88
"../../../Engine/Content/EngineMaterials/Widget3DPassThrough_Masked.uexp" 89
"../../../Engine/Content/EngineMaterials/WeightMapPlaceholderTexture.uasset" 90
"../../../Engine/Content/EngineMaterials/WeightMapPlaceholderTexture.uexp" 91
"../../../Engine/Content/EngineMaterials/RemoveSurfaceMaterial.uasset" 92
"../../../Engine/Content/EngineMaterials/RemoveSurfaceMaterial.uexp" 93
"../../../Engine/Content/EngineMaterials/PreintegratedSkinBRDF.uasset" 94
"../../../Engine/Content/EngineMaterials/PreintegratedSkinBRDF.uexp" 95
"../../../Engine/Content/EngineMaterials/DefaultCalibrationGrayscale.uasset" 96
"../../../Engine/Content/EngineMaterials/DefaultCalibrationGrayscale.uexp" 97
"../../../Engine/Content/EngineMaterials/PPM_DefaultCalibrationGrayscale.uasset" 98
"../../../Engine/Content/EngineMaterials/PPM_DefaultCalibrationGrayscale.uexp" 99
"../../../Engine/Content/EngineMaterials/DefaultCalibrationColor.uasset" 100
"../../../Engine/Content/EngineMaterials/DefaultCalibrationColor.uexp" 101
"../../../Engine/Content/EngineMaterials/PPM_DefaultCalibrationColor.uasset" 102
"../../../Engine/Content/EngineMaterials/PPM_DefaultCalibrationColor.uexp" 103
"../../../Engine/Content/Functions/Engine_MaterialFunctions02/WorldPositionOffset/CameraOffset.uasset" 104
"../../../Engine/Content/Functions/Engine_MaterialFunctions02/WorldPositionOffset/CameraOffset.uexp" 105
"../../../Engine/Content/EngineMaterials/PhAT_JointLimitMaterial.uasset" 106
"../../../Engine/Content/EngineMaterials/PhAT_JointLimitMaterial.uexp" 107
"../../../Engine/Content/EngineMaterials/InvalidLightmapSettings.ubulk" 108
"../../../Engine/Content/EngineMaterials/InvalidLightmapSettings.uasset" 109
"../../../Engine/Content/EngineMaterials/InvalidLightmapSettings.uexp" 110
"../../../Engine/Content/EngineMaterials/M_InvalidLightmapSettings.uasset" 111
"../../../Engine/Content/EngineMaterials/M_InvalidLightmapSettings.uexp" 112
"../../../Engine/Content/EngineMaterials/MiniFont.uasset" 113
"../../../Engine/Content/EngineMaterials/MiniFont.uexp" 114
"../../../Engine/Content/EngineMaterials/Good64x64TilingNoiseHighFreq.uasset" 115
"../../../Engine/Content/EngineMaterials/Good64x64TilingNoiseHighFreq.uexp" 116
"../../../Engine/Content/EngineMaterials/GizmoMaterial.uasset" 117
"../../../Engine/Content/EngineMaterials/GizmoMaterial.uexp" 118
"../../../Engine/Content/EngineMaterials/BaseFlattenEmissiveMap_VT.uasset" 119
"../../../Engine/Content/EngineMaterials/BaseFlattenEmissiveMap_VT.uexp" 120
"../../../Engine/Content/EngineMaterials/BaseFlattenGrayscaleMap_VT.uasset" 121
"../../../Engine/Content/EngineMaterials/BaseFlattenGrayscaleMap_VT.uexp" 122
"../../../Engine/Content/EngineMaterials/BaseFlattenLinearColor_VT.uasset" 123
"../../../Engine/Content/EngineMaterials/BaseFlattenLinearColor_VT.uexp" 124
"../../../Engine/Content/EngineMaterials/Black_1x1_EXR_Texture_VT.uasset" 125
"../../../Engine/Content/EngineMaterials/Black_1x1_EXR_Texture_VT.uexp" 126
"../../../Engine/Content/EngineMaterials/BaseFlattenDiffuseMap_VT.uasset" 127
"../../../Engine/Content/EngineMaterials/BaseFlattenDiffuseMap_VT.uexp" 128
"../../../Engine/Content/EngineMaterials/BaseFlattenNormalMap_VT.uasset" 129
"../../../Engine/Content/EngineMaterials/BaseFlattenNormalMap_VT.uexp" 130
"../../../Engine/Content/EngineMaterials/FlattenMaterial_WS_Normal_VT.uasset" 131
"../../../Engine/Content/EngineMaterials/FlattenMaterial_WS_Normal_VT.uexp" 132
"../../../Engine/Content/EngineMaterials/FlattenMaterial_VT.uasset" 133
"../../../Engine/Content/EngineMaterials/FlattenMaterial_VT.uexp" 134
"../../../Engine/Content/EngineMaterials/BaseFlattenNormalMap.uasset" 135
"../../../Engine/Content/EngineMaterials/BaseFlattenNormalMap.uexp" 136
"../../../Engine/Content/EngineMaterials/BaseFlattenGrayscaleMap.uasset" 137
"../../../Engine/Content/EngineMaterials/BaseFlattenGrayscaleMap.uexp" 138
"../../../Engine/Content/EngineMaterials/BaseFlattenDiffuseMap.uasset" 139
"../../../Engine/Content/EngineMaterials/BaseFlattenDiffuseMap.uexp" 140
"../../../Engine/Content/Functions/Engine_MaterialFunctions02/PivotPainter2/Black_1x1_EXR_Texture.uasset" 141
"../../../Engine/Content/Functions/Engine_MaterialFunctions02/PivotPainter2/Black_1x1_EXR_Texture.uexp" 142
"../../../Engine/Content/EngineMaterials/BaseFlattenEmissiveMap.uasset" 143
"../../../Engine/Content/EngineMaterials/BaseFlattenEmissiveMap.uexp" 144
"../../../Engine/Content/EngineMaterials/BaseFlattenLinearColor.uasset" 145
"../../../Engine/Content/EngineMaterials/BaseFlattenLinearColor.uexp" 146
"../../../Engine/Content/EngineMaterials/FlattenMaterial.uasset" 147
"../../../Engine/Content/EngineMaterials/FlattenMaterial.uexp" 148
"../../../Engine/Content/EngineMaterials/DefaultWhiteGrid_Low.uasset" 149
"../../../Engine/Content/EngineMaterials/DefaultWhiteGrid_Low.uexp" 150
"../../../Engine/Content/EngineMaterials/EmissiveMeshMaterial.uasset" 151
"../../../Engine/Content/EngineMaterials/EmissiveMeshMaterial.uexp" 152
"../../../Engine/Content/EngineMaterials/DefaultWhiteGrid.ubulk" 153
"../../../Engine/Content/EngineMaterials/DefaultWhiteGrid.uasset" 154
"../../../Engine/Content/EngineMaterials/DefaultWhiteGrid.uexp" 155
"../../../Engine/Content/EngineFonts/RobotoDistanceField.uasset" 156
"../../../Engine/Content/EngineFonts/RobotoDistanceField.uexp" 157
"../../../Engine/Content/EngineMaterials/DefaultTextMaterialOpaque.uasset" 158
"../../../Engine/Content/EngineMaterials/DefaultTextMaterialOpaque.uexp" 159
"../../../Engine/Content/EngineMaterials/DefaultDiffuse.ubulk" 160
"../../../Engine/Content/EngineMaterials/DefaultDiffuse.uasset" 161
"../../../Engine/Content/EngineMaterials/DefaultDiffuse.uexp" 162
"../../../Engine/Content/Functions/Engine_MaterialFunctions02/Utility/BreakOutFloat2Components.uasset" 163
"../../../Engine/Content/Functions/Engine_MaterialFunctions02/Utility/BreakOutFloat2Components.uexp" 164
"../../../Engine/Content/EngineMaterials/DefaultPostProcessMaterial.uasset" 165
"../../../Engine/Content/EngineMaterials/DefaultPostProcessMaterial.uexp" 166
"../../../Engine/Content/EngineMaterials/DefaultPhysicalMaterial.uasset" 167
"../../../Engine/Content/EngineMaterials/DefaultPhysicalMaterial.uexp" 168
"../../../Engine/Content/EngineMaterials/DefaultLightFunctionMaterial.uasset" 169
"../../../Engine/Content/EngineMaterials/DefaultLightFunctionMaterial.uexp" 170
"../../../Engine/Content/EngineMaterials/DefaultDestructiblePhysicalMaterial.uasset" 171
"../../../Engine/Content/EngineMaterials/DefaultDestructiblePhysicalMaterial.uexp" 172
"../../../Engine/Content/EngineMaterials/DefaultDeferredDecalMaterial.uasset" 173
"../../../Engine/Content/EngineMaterials/DefaultDeferredDecalMaterial.uexp" 174
"../../../Engine/Content/EngineMaterials/DefaultBokeh.uasset" 175
"../../../Engine/Content/EngineMaterials/DefaultBokeh.uexp" 176
"../../../Engine/Content/EngineMaterials/DefaultBloomKernel.uasset" 177
"../../../Engine/Content/EngineMaterials/DefaultBloomKernel.uexp" 178
"../../../Engine/Content/EngineMaterials/BlueNoise.uasset" 179
"../../../Engine/Content/EngineMaterials/BlueNoise.uexp" 180
"../../../Engine/Content/EngineFonts/Faces/RobotoLight.uexp" 181
"../../../Engine/Content/EngineFonts/Faces/RobotoLight.uasset" 182
"../../../Engine/Content/EngineFonts/Faces/RobotoLight.ufont" 183
"../../../Engine/Content/EngineFonts/Faces/RobotoBold.uexp" 184
"../../../Engine/Content/EngineFonts/Faces/RobotoBold.uasset" 185
"../../../Engine/Content/EngineFonts/Faces/RobotoBold.ufont" 186
"../../../Engine/Content/EngineFonts/Faces/RobotoRegular.uexp" 187
"../../../Engine/Content/EngineFonts/Faces/RobotoRegular.uasset" 188
"../../../Engine/Content/EngineFonts/Faces/RobotoRegular.ufont" 189
"../../../Engine/Content/EngineFonts/Faces/DroidSansFallback.uexp" 190
"../../../Engine/Content/EngineFonts/Faces/DroidSansFallback.uasset" 191
"../../../Engine/Content/EngineFonts/Faces/DroidSansFallback.ufont" 192
"../../../Engine/Content/EngineFonts/Faces/RobotoItalic.uexp" 193
"../../../Engine/Content/EngineFonts/Faces/RobotoItalic.uasset" 194
"../../../Engine/Content/EngineFonts/Faces/RobotoItalic.ufont" 195
"../../../Engine/Content/EngineFonts/Faces/RobotoBoldItalic.uexp" 196
"../../../Engine/Content/EngineFonts/Faces/RobotoBoldItalic.uasset" 197
"../../../Engine/Content/EngineFonts/Faces/RobotoBoldItalic.ufont" 198
"../../../Engine/Content/EngineFonts/Roboto.uasset" 199
"../../../Engine/Content/EngineFonts/Roboto.uexp" 200
"../../../Engine/Content/Functions/Engine_MaterialFunctions02/Utility/CameraDirectionVector.uasset" 201
"../../../Engine/Content/Functions/Engine_MaterialFunctions02/Utility/CameraDirectionVector.uexp" 202
"../../../Engine/Content/EngineDebugMaterials/VolumeToRender.uasset" 203
"../../../Engine/Content/EngineDebugMaterials/VolumeToRender.uexp" 204
"../../../Engine/Content/EngineDebugMaterials/M_VolumeRenderSphereTracePP.uasset" 205
"../../../Engine/Content/EngineDebugMaterials/M_VolumeRenderSphereTracePP.uexp" 206
"../../../Engine/Content/EngineDebugMaterials/M_SimpleUnlitTranslucent.uasset" 207
"../../../Engine/Content/EngineDebugMaterials/M_SimpleUnlitTranslucent.uexp" 208
"../../../Engine/Content/EngineDebugMaterials/DebugMeshMaterial.uasset" 209
"../../../Engine/Content/EngineDebugMaterials/DebugMeshMaterial.uexp" 210
"../../../Engine/Content/EngineDebugMaterials/DebugEditorMaterial.uasset" 211
"../../../Engine/Content/EngineDebugMaterials/DebugEditorMaterial.uexp" 212
"../../../Engine/Content/EngineDamageTypes/DmgTypeBP_Environmental.uasset" 213
"../../../Engine/Content/EngineDamageTypes/DmgTypeBP_Environmental.uexp" 214
"../../../Engine/Content/Functions/Engine_MaterialFunctions02/Utility/MakeFloat4.uasset" 215
"../../../Engine/Content/Functions/Engine_MaterialFunctions02/Utility/MakeFloat4.uexp" 216
"../../../Engine/Content/Functions/Engine_MaterialFunctions02/Utility/MakeFloat3.uasset" 217
"../../../Engine/Content/Functions/Engine_MaterialFunctions02/Utility/MakeFloat3.uexp" 218
"../../../Engine/Content/Functions/Engine_MaterialFunctions02/Utility/BreakOutFloat3Components.uasset" 219
"../../../Engine/Content/Functions/Engine_MaterialFunctions02/Utility/BreakOutFloat3Components.uexp" 220
"../../../Engine/Content/EngineMaterials/T_Default_Material_Grid_M.ubulk" 221
"../../../Engine/Content/EngineMaterials/T_Default_Material_Grid_M.uasset" 222
"../../../Engine/Content/EngineMaterials/T_Default_Material_Grid_M.uexp" 223
"../../../Engine/Content/EngineMaterials/T_Default_Material_Grid_N.ubulk" 224
"../../../Engine/Content/EngineMaterials/T_Default_Material_Grid_N.uasset" 225
"../../../Engine/Content/EngineMaterials/T_Default_Material_Grid_N.uexp" 226
"../../../Engine/Content/Functions/Engine_MaterialFunctions01/Opacity/CameraDepthFade.uasset" 227
"../../../Engine/Content/Functions/Engine_MaterialFunctions01/Opacity/CameraDepthFade.uexp" 228
"../../../Engine/Content/EngineMaterials/DefaultMaterial.uasset" 229
"../../../Engine/Content/EngineMaterials/DefaultMaterial.uexp" 230
"../../../Engine/Content/BasicShapes/Sphere.ubulk" 231
"../../../Engine/Content/BasicShapes/Sphere.uasset" 232
"../../../Engine/Content/BasicShapes/Sphere.uexp" 233
"../../../Engine/Content/EngineMaterials/WorldGridMaterial.uasset" 234
"../../../Engine/Content/EngineMaterials/WorldGridMaterial.uexp" 235
"../../../Engine/Content/BasicShapes/Plane.ubulk" 236
"../../../Engine/Content/BasicShapes/Plane.uasset" 237
"../../../Engine/Content/BasicShapes/Plane.uexp" 238
"../../../Engine/Content/BasicShapes/Cylinder.ubulk" 239
"../../../Engine/Content/BasicShapes/Cylinder.uasset" 240
"../../../Engine/Content/BasicShapes/Cylinder.uexp" 241
"../../../Engine/Content/BasicShapes/Cone.ubulk" 242
"../../../Engine/Content/BasicShapes/Cone.uasset" 243
"../../../Engine/Content/BasicShapes/Cone.uexp" 244
"../../../Engine/Content/BasicShapes/BasicShapeMaterial.uasset" 245
"../../../Engine/Content/BasicShapes/BasicShapeMaterial.uexp" 246
"../../../Engine/Content/ArtTools/RenderToTexture/Meshes/S_1_Unit_Plane.ubulk" 247
"../../../Engine/Content/ArtTools/RenderToTexture/Meshes/S_1_Unit_Plane.uasset" 248
"../../../Engine/Content/ArtTools/RenderToTexture/Meshes/S_1_Unit_Plane.uexp" 249
"../../../Engine/Plugins/2D/Paper2D/Content/PlaceholderTextures/DummySpriteTexture.ubulk" 250
"../../../Engine/Plugins/2D/Paper2D/Content/PlaceholderTextures/DummySpriteTexture.uasset" 251
"../../../Engine/Plugins/2D/Paper2D/Content/PlaceholderTextures/DummySpriteTexture.uexp" 252
"../../../Engine/Plugins/2D/Paper2D/Content/DefaultSpriteMaterial.uasset" 253
"../../../Engine/Plugins/2D/Paper2D/Content/DefaultSpriteMaterial.uexp" 254
"../../../Engine/Plugins/2D/Paper2D/Content/OpaqueUnlitSpriteMaterial.uasset" 255
"../../../Engine/Plugins/2D/Paper2D/Content/OpaqueUnlitSpriteMaterial.uexp" 256
"../../../Engine/Plugins/2D/Paper2D/Content/MaskedUnlitSpriteMaterial.uasset" 257
"../../../Engine/Plugins/2D/Paper2D/Content/MaskedUnlitSpriteMaterial.uexp" 258
"../../../Engine/Plugins/2D/Paper2D/Content/DummySprite.uasset" 259
"../../../Engine/Plugins/2D/Paper2D/Content/DummySprite.uexp" 260
"../../../Engine/Plugins/2D/Paper2D/Content/DefaultPaperTerrainMaterial.uasset" 261
"../../../Engine/Plugins/2D/Paper2D/Content/DefaultPaperTerrainMaterial.uexp" 262
"../../../Engine/Plugins/Animation/ControlRig/Content/M_Manip.uasset" 263
"../../../Engine/Plugins/Animation/ControlRig/Content/M_Manip.uexp" 264
"../../../Engine/Plugins/Animation/ControlRig/Content/Controls/DefaultGizmoLibraryNormalized.uasset" 265
"../../../Engine/Plugins/Animation/ControlRig/Content/Controls/DefaultGizmoLibraryNormalized.uexp" 266
"../../../Engine/Plugins/Animation/ControlRig/Content/Controls/ControlRig_Wedge_solid.ubulk" 267
"../../../Engine/Plugins/Animation/ControlRig/Content/Controls/ControlRig_Wedge_solid.uasset" 268
"../../../Engine/Plugins/Animation/ControlRig/Content/Controls/ControlRig_Wedge_solid.uexp" 269
"../../../Engine/Plugins/Animation/ControlRig/Content/Controls/ControlRig_Wedge_3mm.ubulk" 270
"../../../Engine/Plugins/Animation/ControlRig/Content/Controls/ControlRig_Wedge_3mm.uasset" 271
"../../../Engine/Plugins/Animation/ControlRig/Content/Controls/ControlRig_Wedge_3mm.uexp" 272
"../../../Engine/Plugins/Animation/ControlRig/Content/Controls/ControlRig_Wedge_1mm.ubulk" 273
"../../../Engine/Plugins/Animation/ControlRig/Content/Controls/ControlRig_Wedge_1mm.uasset" 274
"../../../Engine/Plugins/Animation/ControlRig/Content/Controls/ControlRig_Wedge_1mm.uexp" 275
"../../../Engine/Plugins/Animation/ControlRig/Content/Controls/ControlRig_Triangle_solid.ubulk" 276
"../../../Engine/Plugins/Animation/ControlRig/Content/Controls/ControlRig_Triangle_solid.uasset" 277
"../../../Engine/Plugins/Animation/ControlRig/Content/Controls/ControlRig_Triangle_solid.uexp" 278
"../../../Engine/Plugins/Animation/ControlRig/Content/Controls/ControlRig_Triangle_3mm.ubulk" 279
"../../../Engine/Plugins/Animation/ControlRig/Content/Controls/ControlRig_Triangle_3mm.uasset" 280
"../../../Engine/Plugins/Animation/ControlRig/Content/Controls/ControlRig_Triangle_3mm.uexp" 281
"../../../Engine/Plugins/Animation/ControlRig/Content/Controls/ControlRig_Triangle_1mm.ubulk" 282
"../../../Engine/Plugins/Animation/ControlRig/Content/Controls/ControlRig_Triangle_1mm.uasset" 283
"../../../Engine/Plugins/Animation/ControlRig/Content/Controls/ControlRig_Triangle_1mm.uexp" 284
"../../../Engine/Plugins/Animation/ControlRig/Content/Controls/ControlRig_Star4_solid.ubulk" 285
"../../../Engine/Plugins/Animation/ControlRig/Content/Controls/ControlRig_Star4_solid.uasset" 286
"../../../Engine/Plugins/Animation/ControlRig/Content/Controls/ControlRig_Star4_solid.uexp" 287
"../../../Engine/Plugins/Animation/ControlRig/Content/Controls/ControlRig_Star4_3mm.ubulk" 288
"../../../Engine/Plugins/Animation/ControlRig/Content/Controls/ControlRig_Star4_3mm.uasset" 289
"../../../Engine/Plugins/Animation/ControlRig/Content/Controls/ControlRig_Star4_3mm.uexp" 290
"../../../Engine/Plugins/Animation/ControlRig/Content/Controls/ControlRig_Star4_1mm.ubulk" 291
"../../../Engine/Plugins/Animation/ControlRig/Content/Controls/ControlRig_Star4_1mm.uasset" 292
"../../../Engine/Plugins/Animation/ControlRig/Content/Controls/ControlRig_Star4_1mm.uexp" 293
"../../../Engine/Plugins/Animation/ControlRig/Content/Controls/ControlRig_Square_solid.ubulk" 294
"../../../Engine/Plugins/Animation/ControlRig/Content/Controls/ControlRig_Square_solid.uasset" 295
"../../../Engine/Plugins/Animation/ControlRig/Content/Controls/ControlRig_Square_solid.uexp" 296
"../../../Engine/Plugins/Animation/ControlRig/Content/Controls/ControlRig_Square_3mm.ubulk" 297
"../../../Engine/Plugins/Animation/ControlRig/Content/Controls/ControlRig_Square_3mm.uasset" 298
"../../../Engine/Plugins/Animation/ControlRig/Content/Controls/ControlRig_Square_3mm.uexp" 299
"../../../Engine/Plugins/Animation/ControlRig/Content/Controls/ControlRig_Square_1mm.ubulk" 300
"../../../Engine/Plugins/Animation/ControlRig/Content/Controls/ControlRig_Square_1mm.uasset" 301
"../../../Engine/Plugins/Animation/ControlRig/Content/Controls/ControlRig_Square_1mm.uexp" 302
"../../../Engine/Plugins/Animation/ControlRig/Content/Controls/ControlRig_Sphere_solid.ubulk" 303
"../../../Engine/Plugins/Animation/ControlRig/Content/Controls/ControlRig_Sphere_solid.uasset" 304
"../../../Engine/Plugins/Animation/ControlRig/Content/Controls/ControlRig_Sphere_solid.uexp" 305
"../../../Engine/Plugins/Animation/ControlRig/Content/Controls/ControlRig_Sphere_3mm.ubulk" 306
"../../../Engine/Plugins/Animation/ControlRig/Content/Controls/ControlRig_Sphere_3mm.uasset" 307
"../../../Engine/Plugins/Animation/ControlRig/Content/Controls/ControlRig_Sphere_3mm.uexp" 308
"../../../Engine/Plugins/Animation/ControlRig/Content/Controls/ControlRig_Sphere_1mm.ubulk" 309
"../../../Engine/Plugins/Animation/ControlRig/Content/Controls/ControlRig_Sphere_1mm.uasset" 310
"../../../Engine/Plugins/Animation/ControlRig/Content/Controls/ControlRig_Sphere_1mm.uexp" 311
"../../../Engine/Plugins/Animation/ControlRig/Content/Controls/ControlRig_RoundedTriangle_solid.ubulk" 312
"../../../Engine/Plugins/Animation/ControlRig/Content/Controls/ControlRig_RoundedTriangle_solid.uasset" 313
"../../../Engine/Plugins/Animation/ControlRig/Content/Controls/ControlRig_RoundedTriangle_solid.uexp" 314
"../../../Engine/Plugins/Animation/ControlRig/Content/Controls/ControlRig_RoundedTriangle_3mm.ubulk" 315
"../../../Engine/Plugins/Animation/ControlRig/Content/Controls/ControlRig_RoundedTriangle_3mm.uasset" 316
"../../../Engine/Plugins/Animation/ControlRig/Content/Controls/ControlRig_RoundedTriangle_3mm.uexp" 317
"../../../Engine/Plugins/Animation/ControlRig/Content/Controls/ControlRig_RoundedTriangle_1mm.ubulk" 318
"../../../Engine/Plugins/Animation/ControlRig/Content/Controls/ControlRig_RoundedTriangle_1mm.uasset" 319
"../../../Engine/Plugins/Animation/ControlRig/Content/Controls/ControlRig_RoundedTriangle_1mm.uexp" 320
"../../../Engine/Plugins/Animation/ControlRig/Content/Controls/ControlRig_RoundedSquare_solid.ubulk" 321
"../../../Engine/Plugins/Animation/ControlRig/Content/Controls/ControlRig_RoundedSquare_solid.uasset" 322
"../../../Engine/Plugins/Animation/ControlRig/Content/Controls/ControlRig_RoundedSquare_solid.uexp" 323
"../../../Engine/Plugins/Animation/ControlRig/Content/Controls/ControlRig_RoundedSquare_3mm.ubulk" 324
"../../../Engine/Plugins/Animation/ControlRig/Content/Controls/ControlRig_RoundedSquare_3mm.uasset" 325
"../../../Engine/Plugins/Animation/ControlRig/Content/Controls/ControlRig_RoundedSquare_3mm.uexp" 326
"../../../Engine/Plugins/Animation/ControlRig/Content/Controls/ControlRig_RoundedSquare_1mm.ubulk" 327
"../../../Engine/Plugins/Animation/ControlRig/Content/Controls/ControlRig_RoundedSquare_1mm.uasset" 328
"../../../Engine/Plugins/Animation/ControlRig/Content/Controls/ControlRig_RoundedSquare_1mm.uexp" 329
"../../../Engine/Plugins/Animation/ControlRig/Content/Controls/ControlRig_QuarterCircle_solid.ubulk" 330
"../../../Engine/Plugins/Animation/ControlRig/Content/Controls/ControlRig_QuarterCircle_solid.uasset" 331
"../../../Engine/Plugins/Animation/ControlRig/Content/Controls/ControlRig_QuarterCircle_solid.uexp" 332
"../../../Engine/Plugins/Animation/ControlRig/Content/Controls/ControlRig_QuarterCircle_3mm.ubulk" 333
"../../../Engine/Plugins/Animation/ControlRig/Content/Controls/ControlRig_QuarterCircle_3mm.uasset" 334
"../../../Engine/Plugins/Animation/ControlRig/Content/Controls/ControlRig_QuarterCircle_3mm.uexp" 335
"../../../Engine/Plugins/Animation/ControlRig/Content/Controls/ControlRig_QuarterCircle_1mm.ubulk" 336
"../../../Engine/Plugins/Animation/ControlRig/Content/Controls/ControlRig_QuarterCircle_1mm.uasset" 337
"../../../Engine/Plugins/Animation/ControlRig/Content/Controls/ControlRig_QuarterCircle_1mm.uexp" 338
"../../../Engine/Plugins/Animation/ControlRig/Content/Controls/ControlRig_Pyramid_solid.ubulk" 339
"../../../Engine/Plugins/Animation/ControlRig/Content/Controls/ControlRig_Pyramid_solid.uasset" 340
"../../../Engine/Plugins/Animation/ControlRig/Content/Controls/ControlRig_Pyramid_solid.uexp" 341
"../../../Engine/Plugins/Animation/ControlRig/Content/Controls/ControlRig_Pyramid_3mm.ubulk" 342
"../../../Engine/Plugins/Animation/ControlRig/Content/Controls/ControlRig_Pyramid_3mm.uasset" 343
"../../../Engine/Plugins/Animation/ControlRig/Content/Controls/ControlRig_Pyramid_3mm.uexp" 344
"../../../Engine/Plugins/Animation/ControlRig/Content/Controls/ControlRig_Pyramid_1mm.ubulk" 345
"../../../Engine/Plugins/Animation/ControlRig/Content/Controls/ControlRig_Pyramid_1mm.uasset" 346
"../../../Engine/Plugins/Animation/ControlRig/Content/Controls/ControlRig_Pyramid_1mm.uexp" 347
"../../../Engine/Plugins/Animation/ControlRig/Content/Controls/ControlRig_Octagon_solid.ubulk" 348
"../../../Engine/Plugins/Animation/ControlRig/Content/Controls/ControlRig_Octagon_solid.uasset" 349
"../../../Engine/Plugins/Animation/ControlRig/Content/Controls/ControlRig_Octagon_solid.uexp" 350
"../../../Engine/Plugins/Animation/ControlRig/Content/Controls/ControlRig_Octagon_3mm.ubulk" 351
"../../../Engine/Plugins/Animation/ControlRig/Content/Controls/ControlRig_Octagon_3mm.uasset" 352
"../../../Engine/Plugins/Animation/ControlRig/Content/Controls/ControlRig_Octagon_3mm.uexp" 353
"../../../Engine/Plugins/Animation/ControlRig/Content/Controls/ControlRig_Octagon_1mm.ubulk" 354
"../../../Engine/Plugins/Animation/ControlRig/Content/Controls/ControlRig_Octagon_1mm.uasset" 355
"../../../Engine/Plugins/Animation/ControlRig/Content/Controls/ControlRig_Octagon_1mm.uexp" 356
"../../../Engine/Plugins/Animation/ControlRig/Content/Controls/ControlRig_Hexagon_solid.ubulk" 357
"../../../Engine/Plugins/Animation/ControlRig/Content/Controls/ControlRig_Hexagon_solid.uasset" 358
"../../../Engine/Plugins/Animation/ControlRig/Content/Controls/ControlRig_Hexagon_solid.uexp" 359
"../../../Engine/Plugins/Animation/ControlRig/Content/Controls/ControlRig_Hexagon_3mm.ubulk" 360
"../../../Engine/Plugins/Animation/ControlRig/Content/Controls/ControlRig_Hexagon_3mm.uasset" 361
"../../../Engine/Plugins/Animation/ControlRig/Content/Controls/ControlRig_Hexagon_3mm.uexp" 362
"../../../Engine/Plugins/Animation/ControlRig/Content/Controls/ControlRig_Hexagon_1mm.ubulk" 363
"../../../Engine/Plugins/Animation/ControlRig/Content/Controls/ControlRig_Hexagon_1mm.uasset" 364
"../../../Engine/Plugins/Animation/ControlRig/Content/Controls/ControlRig_Hexagon_1mm.uexp" 365
"../../../Engine/Plugins/Animation/ControlRig/Content/Controls/ControlRig_HalfCircle_solid.ubulk" 366
"../../../Engine/Plugins/Animation/ControlRig/Content/Controls/ControlRig_HalfCircle_solid.uasset" 367
"../../../Engine/Plugins/Animation/ControlRig/Content/Controls/ControlRig_HalfCircle_solid.uexp" 368
"../../../Engine/Plugins/Animation/ControlRig/Content/Controls/ControlRig_HalfCircle_3mm.ubulk" 369
"../../../Engine/Plugins/Animation/ControlRig/Content/Controls/ControlRig_HalfCircle_3mm.uasset" 370
"../../../Engine/Plugins/Animation/ControlRig/Content/Controls/ControlRig_HalfCircle_3mm.uexp" 371
"../../../Engine/Plugins/Animation/ControlRig/Content/Controls/ControlRig_HalfCircle_1mm.ubulk" 372
"../../../Engine/Plugins/Animation/ControlRig/Content/Controls/ControlRig_HalfCircle_1mm.uasset" 373
"../../../Engine/Plugins/Animation/ControlRig/Content/Controls/ControlRig_HalfCircle_1mm.uexp" 374
"../../../Engine/Plugins/Animation/ControlRig/Content/Controls/ControlRig_Diamond_solid.ubulk" 375
"../../../Engine/Plugins/Animation/ControlRig/Content/Controls/ControlRig_Diamond_solid.uasset" 376
"../../../Engine/Plugins/Animation/ControlRig/Content/Controls/ControlRig_Diamond_solid.uexp" 377
"../../../Engine/Plugins/Animation/ControlRig/Content/Controls/ControlRig_Diamond_3mm.ubulk" 378
"../../../Engine/Plugins/Animation/ControlRig/Content/Controls/ControlRig_Diamond_3mm.uasset" 379
"../../../Engine/Plugins/Animation/ControlRig/Content/Controls/ControlRig_Diamond_3mm.uexp" 380
"../../../Engine/Plugins/Animation/ControlRig/Content/Controls/ControlRig_Diamond_1mm.ubulk" 381
"../../../Engine/Plugins/Animation/ControlRig/Content/Controls/ControlRig_Diamond_1mm.uasset" 382
"../../../Engine/Plugins/Animation/ControlRig/Content/Controls/ControlRig_Diamond_1mm.uexp" 383
"../../../Engine/Plugins/Animation/ControlRig/Content/Controls/ControlRig_Circle_solid.ubulk" 384
"../../../Engine/Plugins/Animation/ControlRig/Content/Controls/ControlRig_Circle_solid.uasset" 385
"../../../Engine/Plugins/Animation/ControlRig/Content/Controls/ControlRig_Circle_solid.uexp" 386
"../../../Engine/Plugins/Animation/ControlRig/Content/Controls/ControlRig_Circle_3mm.ubulk" 387
"../../../Engine/Plugins/Animation/ControlRig/Content/Controls/ControlRig_Circle_3mm.uasset" 388
"../../../Engine/Plugins/Animation/ControlRig/Content/Controls/ControlRig_Circle_3mm.uexp" 389
"../../../Engine/Plugins/Animation/ControlRig/Content/Controls/ControlRig_Circle_1mm.ubulk" 390
"../../../Engine/Plugins/Animation/ControlRig/Content/Controls/ControlRig_Circle_1mm.uasset" 391
"../../../Engine/Plugins/Animation/ControlRig/Content/Controls/ControlRig_Circle_1mm.uexp" 392
"../../../Engine/Plugins/Animation/ControlRig/Content/Controls/ControlRig_Box_solid.ubulk" 393
"../../../Engine/Plugins/Animation/ControlRig/Content/Controls/ControlRig_Box_solid.uasset" 394
"../../../Engine/Plugins/Animation/ControlRig/Content/Controls/ControlRig_Box_solid.uexp" 395
"../../../Engine/Plugins/Animation/ControlRig/Content/Controls/ControlRig_Box_3mm.ubulk" 396
"../../../Engine/Plugins/Animation/ControlRig/Content/Controls/ControlRig_Box_3mm.uasset" 397
"../../../Engine/Plugins/Animation/ControlRig/Content/Controls/ControlRig_Box_3mm.uexp" 398
"../../../Engine/Plugins/Animation/ControlRig/Content/Controls/ControlRig_Box_1mm.ubulk" 399
"../../../Engine/Plugins/Animation/ControlRig/Content/Controls/ControlRig_Box_1mm.uasset" 400
"../../../Engine/Plugins/Animation/ControlRig/Content/Controls/ControlRig_Box_1mm.uexp" 401
"../../../Engine/Plugins/Animation/ControlRig/Content/Controls/ControlRig_Arrow_solid.ubulk" 402
"../../../Engine/Plugins/Animation/ControlRig/Content/Controls/ControlRig_Arrow_solid.uasset" 403
"../../../Engine/Plugins/Animation/ControlRig/Content/Controls/ControlRig_Arrow_solid.uexp" 404
"../../../Engine/Plugins/Animation/ControlRig/Content/Controls/ControlRig_Arrow_3mm.ubulk" 405
"../../../Engine/Plugins/Animation/ControlRig/Content/Controls/ControlRig_Arrow_3mm.uasset" 406
"../../../Engine/Plugins/Animation/ControlRig/Content/Controls/ControlRig_Arrow_3mm.uexp" 407
"../../../Engine/Plugins/Animation/ControlRig/Content/Controls/ControlRig_Arrow_1mm.ubulk" 408
"../../../Engine/Plugins/Animation/ControlRig/Content/Controls/ControlRig_Arrow_1mm.uasset" 409
"../../../Engine/Plugins/Animation/ControlRig/Content/Controls/ControlRig_Arrow_1mm.uexp" 410
"../../../Engine/Plugins/Animation/ControlRig/Content/Controls/ControlRig_Arrow4_solid.ubulk" 411
"../../../Engine/Plugins/Animation/ControlRig/Content/Controls/ControlRig_Arrow4_solid.uasset" 412
"../../../Engine/Plugins/Animation/ControlRig/Content/Controls/ControlRig_Arrow4_solid.uexp" 413
"../../../Engine/Plugins/Animation/ControlRig/Content/Controls/ControlRig_Arrow4_3mm.ubulk" 414
"../../../Engine/Plugins/Animation/ControlRig/Content/Controls/ControlRig_Arrow4_3mm.uasset" 415
"../../../Engine/Plugins/Animation/ControlRig/Content/Controls/ControlRig_Arrow4_3mm.uexp" 416
"../../../Engine/Plugins/Animation/ControlRig/Content/Controls/ControlRig_Arrow4_1mm.ubulk" 417
"../../../Engine/Plugins/Animation/ControlRig/Content/Controls/ControlRig_Arrow4_1mm.uasset" 418
"../../../Engine/Plugins/Animation/ControlRig/Content/Controls/ControlRig_Arrow4_1mm.uexp" 419
"../../../Engine/Plugins/Animation/ControlRig/Content/Controls/ControlRig_Arrow2_solid.ubulk" 420
"../../../Engine/Plugins/Animation/ControlRig/Content/Controls/ControlRig_Arrow2_solid.uasset" 421
"../../../Engine/Plugins/Animation/ControlRig/Content/Controls/ControlRig_Arrow2_solid.uexp" 422
"../../../Engine/Plugins/Animation/ControlRig/Content/Controls/ControlRig_Arrow2_3mm.ubulk" 423
"../../../Engine/Plugins/Animation/ControlRig/Content/Controls/ControlRig_Arrow2_3mm.uasset" 424
"../../../Engine/Plugins/Animation/ControlRig/Content/Controls/ControlRig_Arrow2_3mm.uexp" 425
"../../../Engine/Plugins/Animation/ControlRig/Content/Controls/ControlRig_Arrow2_1mm.ubulk" 426
"../../../Engine/Plugins/Animation/ControlRig/Content/Controls/ControlRig_Arrow2_1mm.uasset" 427
"../../../Engine/Plugins/Animation/ControlRig/Content/Controls/ControlRig_Arrow2_1mm.uexp" 428
"../../../Engine/Plugins/Animation/ControlRig/Content/Controls/ControlRigGizmoMaterial.uasset" 429
"../../../Engine/Plugins/Animation/ControlRig/Content/Controls/ControlRigGizmoMaterial.uexp" 430
"../../../Engine/Plugins/Editor/SpeedTreeImporter/Content/SpeedTree9/game_wind_noise.ubulk" 431
"../../../Engine/Plugins/Editor/SpeedTreeImporter/Content/SpeedTree9/game_wind_noise.uasset" 432
"../../../Engine/Plugins/Editor/SpeedTreeImporter/Content/SpeedTree9/game_wind_noise.uexp" 433
"../../../Engine/Plugins/Editor/SpeedTreeImporter/Content/SpeedTree9/UnpackDirection.uasset" 434
"../../../Engine/Plugins/Editor/SpeedTreeImporter/Content/SpeedTree9/UnpackDirection.uexp" 435
"../../../Engine/Content/Functions/Engine_MaterialFunctions02/ObjectLocalBounds.uasset" 436
"../../../Engine/Content/Functions/Engine_MaterialFunctions02/ObjectLocalBounds.uexp" 437
"../../../Engine/Content/Functions/Engine_MaterialFunctions02/UVs/BoundingBoxBased_0-1_UVW.uasset" 438
"../../../Engine/Content/Functions/Engine_MaterialFunctions02/UVs/BoundingBoxBased_0-1_UVW.uexp" 439
"../../../Engine/Content/Functions/Engine_MaterialFunctions02/Utility/VectorLength.uasset" 440
"../../../Engine/Content/Functions/Engine_MaterialFunctions02/Utility/VectorLength.uexp" 441
"../../../Engine/Plugins/Editor/SpeedTreeImporter/Content/SpeedTree9/UnpackInteger3.uasset" 442
"../../../Engine/Plugins/Editor/SpeedTreeImporter/Content/SpeedTree9/UnpackInteger3.uexp" 443
"../../../Engine/Plugins/Editor/SpeedTreeImporter/Content/SpeedTree9/SpeedTreeCameraFacing.uasset" 444
"../../../Engine/Plugins/Editor/SpeedTreeImporter/Content/SpeedTree9/SpeedTreeCameraFacing.uexp" 445
"../../../Engine/Content/Functions/Engine_MaterialFunctions02/WorldPositionOffset/ObjectScale.uasset" 446
"../../../Engine/Content/Functions/Engine_MaterialFunctions02/WorldPositionOffset/ObjectScale.uexp" 447
"../../../Engine/Content/Functions/Engine_MaterialFunctions02/SafeNormalize.uasset" 448
"../../../Engine/Content/Functions/Engine_MaterialFunctions02/SafeNormalize.uexp" 449
"../../../Engine/Plugins/Editor/SpeedTreeImporter/Content/SpeedTree9/SpeedTreeWindMotion.uasset" 450
"../../../Engine/Plugins/Editor/SpeedTreeImporter/Content/SpeedTree9/SpeedTreeWindMotion.uexp" 451
"../../../Engine/Plugins/Editor/SpeedTreeImporter/Content/SpeedTree9/SpeedTreeBranchMotion.uasset" 452
"../../../Engine/Plugins/Editor/SpeedTreeImporter/Content/SpeedTree9/SpeedTreeBranchMotion.uexp" 453
"../../../Engine/Plugins/Editor/SpeedTreeImporter/Content/SpeedTree9/SpeedTreeWind.uasset" 454
"../../../Engine/Plugins/Editor/SpeedTreeImporter/Content/SpeedTree9/SpeedTreeWind.uexp" 455
"../../../Engine/Plugins/Editor/SpeedTreeImporter/Content/SpeedTree9/EmptyNormal.uasset" 456
"../../../Engine/Plugins/Editor/SpeedTreeImporter/Content/SpeedTree9/EmptyNormal.uexp" 457
"../../../Engine/Plugins/Editor/SpeedTreeImporter/Content/SpeedTree9/Empty.uasset" 458
"../../../Engine/Plugins/Editor/SpeedTreeImporter/Content/SpeedTree9/Empty.uexp" 459
"../../../Engine/Plugins/Editor/SpeedTreeImporter/Content/SpeedTree9/SpeedTreeMaster.uasset" 460
"../../../Engine/Plugins/Editor/SpeedTreeImporter/Content/SpeedTree9/SpeedTreeMaster.uexp" 461
"../../../Engine/Plugins/Editor/SpeedTreeImporter/Content/SpeedTree9/SpeedTreeBillboard.uasset" 462
"../../../Engine/Plugins/Editor/SpeedTreeImporter/Content/SpeedTree9/SpeedTreeBillboard.uexp" 463
"../../../Engine/Plugins/Editor/SpeedTreeImporter/Content/SpeedTree9/SpeedTreeBillboardMaster.uasset" 464
"../../../Engine/Plugins/Editor/SpeedTreeImporter/Content/SpeedTree9/SpeedTreeBillboardMaster.uexp" 465
"../../../Engine/Plugins/Runtime/HairStrands/Content/Materials/HairMeshesDefaultMaterial.uasset" 466
"../../../Engine/Plugins/Runtime/HairStrands/Content/Materials/HairMeshesDefaultMaterial.uexp" 467
"../../../Engine/Plugins/Runtime/HairStrands/Content/Materials/HairDefaultMaterial.uasset" 468
"../../../Engine/Plugins/Runtime/HairStrands/Content/Materials/HairDefaultMaterial.uexp" 469
"../../../Engine/Plugins/Runtime/HairStrands/Content/Materials/HairGroupColors.uasset" 470
"../../../Engine/Plugins/Runtime/HairStrands/Content/Materials/HairGroupColors.uexp" 471
"../../../Engine/Content/EngineMaterials/HairColorMap.uasset" 472
"../../../Engine/Content/EngineMaterials/HairColorMap.uexp" 473
"../../../Engine/Content/EngineMaterials/HairDebugColor.uasset" 474
"../../../Engine/Content/EngineMaterials/HairDebugColor.uexp" 475
"../../../Engine/Plugins/Runtime/HairStrands/Content/Materials/HairDebugMaterial.uasset" 476
"../../../Engine/Plugins/Runtime/HairStrands/Content/Materials/HairDebugMaterial.uexp" 477
"../../../Engine/Plugins/Runtime/HairStrands/Content/Materials/HairCardsDefaultMaterial.uasset" 478
"../../../Engine/Plugins/Runtime/HairStrands/Content/Materials/HairCardsDefaultMaterial.uexp" 479
"E:/Unreal Files/Projects/ShootingRange/Content/FPS_Weapon_Bundle/Weapons/Textures/Patterns/T_Stripes__Pattern.ubulk" 480
"E:/Unreal Files/Projects/ShootingRange/Content/FPS_Weapon_Bundle/Weapons/Textures/Patterns/T_Stripes__Pattern.uasset" 481
"E:/Unreal Files/Projects/ShootingRange/Content/FPS_Weapon_Bundle/Weapons/Textures/Patterns/T_Stripes__Pattern.uexp" 482
"E:/Unreal Files/Projects/ShootingRange/Content/FPS_Weapon_Bundle/Weapons/Textures/KA_Val/T_KA_Val_ALB.ubulk" 483
"E:/Unreal Files/Projects/ShootingRange/Content/FPS_Weapon_Bundle/Weapons/Textures/KA_Val/T_KA_Val_ALB.uasset" 484
"E:/Unreal Files/Projects/ShootingRange/Content/FPS_Weapon_Bundle/Weapons/Textures/KA_Val/T_KA_Val_ALB.uexp" 485
"E:/Unreal Files/Projects/ShootingRange/Content/FPS_Weapon_Bundle/Weapons/Textures/KA74U/T_KA74U_NRM.ubulk" 486
"E:/Unreal Files/Projects/ShootingRange/Content/FPS_Weapon_Bundle/Weapons/Textures/KA74U/T_KA74U_NRM.uasset" 487
"E:/Unreal Files/Projects/ShootingRange/Content/FPS_Weapon_Bundle/Weapons/Textures/KA74U/T_KA74U_NRM.uexp" 488
"E:/Unreal Files/Projects/ShootingRange/Content/FPS_Weapon_Bundle/Weapons/Textures/KA74U/T_KA74U_M_MSK.ubulk" 489
"E:/Unreal Files/Projects/ShootingRange/Content/FPS_Weapon_Bundle/Weapons/Textures/KA74U/T_KA74U_M_MSK.uasset" 490
"E:/Unreal Files/Projects/ShootingRange/Content/FPS_Weapon_Bundle/Weapons/Textures/KA74U/T_KA74U_M_MSK.uexp" 491
"E:/Unreal Files/Projects/ShootingRange/Content/FPS_Weapon_Bundle/Weapons/Textures/KA74U/T_KA74U_ALB.ubulk" 492
"E:/Unreal Files/Projects/ShootingRange/Content/FPS_Weapon_Bundle/Weapons/Textures/KA74U/T_KA74U_ALB.uasset" 493
"E:/Unreal Files/Projects/ShootingRange/Content/FPS_Weapon_Bundle/Weapons/Textures/KA74U/T_KA74U_ALB.uexp" 494
"E:/Unreal Files/Projects/ShootingRange/Content/FPS_Weapon_Bundle/Weapons/Materials/Master_Material/M_Weapon_Master_USE.uasset" 495
"E:/Unreal Files/Projects/ShootingRange/Content/FPS_Weapon_Bundle/Weapons/Materials/Master_Material/M_Weapon_Master_USE.uexp" 496
"E:/Unreal Files/Projects/ShootingRange/Content/FPS_Weapon_Bundle/Weapons/Textures/KA_Val/T_KA_Val_M_MSK.ubulk" 497
"E:/Unreal Files/Projects/ShootingRange/Content/FPS_Weapon_Bundle/Weapons/Textures/KA_Val/T_KA_Val_M_MSK.uasset" 498
"E:/Unreal Files/Projects/ShootingRange/Content/FPS_Weapon_Bundle/Weapons/Textures/KA_Val/T_KA_Val_M_MSK.uexp" 499
"E:/Unreal Files/Projects/ShootingRange/Content/FPS_Weapon_Bundle/Weapons/Textures/KA_Val/T_KA_Val_NRM.ubulk" 500
"E:/Unreal Files/Projects/ShootingRange/Content/FPS_Weapon_Bundle/Weapons/Textures/KA_Val/T_KA_Val_NRM.uasset" 501
"E:/Unreal Files/Projects/ShootingRange/Content/FPS_Weapon_Bundle/Weapons/Textures/KA_Val/T_KA_Val_NRM.uexp" 502
"E:/Unreal Files/Projects/ShootingRange/Content/FPS_Weapon_Bundle/Weapons/Materials/KA_Val/M_KA_Val.uasset" 503
"E:/Unreal Files/Projects/ShootingRange/Content/FPS_Weapon_Bundle/Weapons/Materials/KA_Val/M_KA_Val.uexp" 504
"E:/Unreal Files/Projects/ShootingRange/Content/FPS_Weapon_Bundle/Weapons/Meshes/KA_Val/SK_KA_Val_Y_Skeleton.uasset" 505
"E:/Unreal Files/Projects/ShootingRange/Content/FPS_Weapon_Bundle/Weapons/Meshes/KA_Val/SK_KA_Val_Y_Skeleton.uexp" 506
"E:/Unreal Files/Projects/ShootingRange/Content/FPS_Weapon_Bundle/Weapons/Textures/Ammunition/T_762x39_ALB.ubulk" 507
"E:/Unreal Files/Projects/ShootingRange/Content/FPS_Weapon_Bundle/Weapons/Textures/Ammunition/T_762x39_ALB.uasset" 508
"E:/Unreal Files/Projects/ShootingRange/Content/FPS_Weapon_Bundle/Weapons/Textures/Ammunition/T_762x39_ALB.uexp" 509
"E:/Unreal Files/Projects/ShootingRange/Content/FPS_Weapon_Bundle/Weapons/Textures/Ammunition/T_762x39_M_MSK.ubulk" 510
"E:/Unreal Files/Projects/ShootingRange/Content/FPS_Weapon_Bundle/Weapons/Textures/Ammunition/T_762x39_M_MSK.uasset" 511
"E:/Unreal Files/Projects/ShootingRange/Content/FPS_Weapon_Bundle/Weapons/Textures/Ammunition/T_762x39_M_MSK.uexp" 512
"E:/Unreal Files/Projects/ShootingRange/Content/FPS_Weapon_Bundle/Weapons/Textures/Ammunition/T_762x39_NRM.ubulk" 513
"E:/Unreal Files/Projects/ShootingRange/Content/FPS_Weapon_Bundle/Weapons/Textures/Ammunition/T_762x39_NRM.uasset" 514
"E:/Unreal Files/Projects/ShootingRange/Content/FPS_Weapon_Bundle/Weapons/Textures/Ammunition/T_762x39_NRM.uexp" 515
"E:/Unreal Files/Projects/ShootingRange/Content/FPS_Weapon_Bundle/Weapons/Materials/Ammunition/M_762x39_Empty.uasset" 516
"E:/Unreal Files/Projects/ShootingRange/Content/FPS_Weapon_Bundle/Weapons/Materials/Ammunition/M_762x39_Empty.uexp" 517
"E:/Unreal Files/Projects/ShootingRange/Content/FPS_Weapon_Bundle/Weapons/Meshes/KA_Val/SK_KA_Val_Y_Physics.uasset" 518
"E:/Unreal Files/Projects/ShootingRange/Content/FPS_Weapon_Bundle/Weapons/Meshes/KA_Val/SK_KA_Val_Y_Physics.uexp" 519
"E:/Unreal Files/Projects/ShootingRange/Content/FPS_Weapon_Bundle/Weapons/Meshes/KA_Val/SK_KA_Val_Y.uasset" 520
"E:/Unreal Files/Projects/ShootingRange/Content/FPS_Weapon_Bundle/Weapons/Meshes/KA_Val/SK_KA_Val_Y.uexp" 521
"E:/Unreal Files/Projects/ShootingRange/Content/FPS_Weapon_Bundle/Weapons/Meshes/KA74U/SK_KA74U_Y_Skeleton.uasset" 522
"E:/Unreal Files/Projects/ShootingRange/Content/FPS_Weapon_Bundle/Weapons/Meshes/KA74U/SK_KA74U_Y_Skeleton.uexp" 523
"E:/Unreal Files/Projects/ShootingRange/Content/FPS_Weapon_Bundle/Weapons/Materials/KA74U/M_KA74U.uasset" 524
"E:/Unreal Files/Projects/ShootingRange/Content/FPS_Weapon_Bundle/Weapons/Materials/KA74U/M_KA74U.uexp" 525
"E:/Unreal Files/Projects/ShootingRange/Content/FPS_Weapon_Bundle/Weapons/Meshes/KA74U/SK_KA74U_Y_Physics.uasset" 526
"E:/Unreal Files/Projects/ShootingRange/Content/FPS_Weapon_Bundle/Weapons/Meshes/KA74U/SK_KA74U_Y_Physics.uexp" 527
"E:/Unreal Files/Projects/ShootingRange/Content/FPS_Weapon_Bundle/Weapons/Meshes/KA74U/SK_KA74U_Y.uasset" 528
"E:/Unreal Files/Projects/ShootingRange/Content/FPS_Weapon_Bundle/Weapons/Meshes/KA74U/SK_KA74U_Y.uexp" 529
"E:/Unreal Files/Projects/ShootingRange/Content/StarterContent/Textures/T_Smoke_SubUV.ubulk" 530
"E:/Unreal Files/Projects/ShootingRange/Content/StarterContent/Textures/T_Smoke_SubUV.uasset" 531
"E:/Unreal Files/Projects/ShootingRange/Content/StarterContent/Textures/T_Smoke_SubUV.uexp" 532
"E:/Unreal Files/Projects/ShootingRange/Content/StarterContent/Textures/T_Smoke_Tiled_D.ubulk" 533
"E:/Unreal Files/Projects/ShootingRange/Content/StarterContent/Textures/T_Smoke_Tiled_D.uasset" 534
"E:/Unreal Files/Projects/ShootingRange/Content/StarterContent/Textures/T_Smoke_Tiled_D.uexp" 535
"E:/Unreal Files/Projects/ShootingRange/Content/StarterContent/Particles/Materials/M_smoke_subUV.uasset" 536
"E:/Unreal Files/Projects/ShootingRange/Content/StarterContent/Particles/Materials/M_smoke_subUV.uexp" 537
"E:/Unreal Files/Projects/ShootingRange/Content/StarterContent/Textures/T_Burst_M.ubulk" 538
"E:/Unreal Files/Projects/ShootingRange/Content/StarterContent/Textures/T_Burst_M.uasset" 539
"E:/Unreal Files/Projects/ShootingRange/Content/StarterContent/Textures/T_Burst_M.uexp" 540
"E:/Unreal Files/Projects/ShootingRange/Content/StarterContent/Particles/Materials/M_Burst.uasset" 541
"E:/Unreal Files/Projects/ShootingRange/Content/StarterContent/Particles/Materials/M_Burst.uexp" 542
"E:/Unreal Files/Projects/ShootingRange/Content/StarterContent/Particles/Materials/m_flare_01.uasset" 543
"E:/Unreal Files/Projects/ShootingRange/Content/StarterContent/Particles/Materials/m_flare_01.uexp" 544
"E:/Unreal Files/Projects/ShootingRange/Content/StarterContent/Textures/T_Explosion_SubUV.ubulk" 545
"E:/Unreal Files/Projects/ShootingRange/Content/StarterContent/Textures/T_Explosion_SubUV.uasset" 546
"E:/Unreal Files/Projects/ShootingRange/Content/StarterContent/Textures/T_Explosion_SubUV.uexp" 547
"E:/Unreal Files/Projects/ShootingRange/Content/StarterContent/Particles/Materials/M_explosion_subUV.uasset" 548
"E:/Unreal Files/Projects/ShootingRange/Content/StarterContent/Particles/Materials/M_explosion_subUV.uexp" 549
"../../../Engine/Content/Functions/Engine_MaterialFunctions01/Gradient/RadialGradient.uasset" 550
"../../../Engine/Content/Functions/Engine_MaterialFunctions01/Gradient/RadialGradient.uexp" 551
"E:/Unreal Files/Projects/ShootingRange/Content/StarterContent/Particles/Materials/M_radial_ramp.uasset" 552
"E:/Unreal Files/Projects/ShootingRange/Content/StarterContent/Particles/Materials/M_radial_ramp.uexp" 553
"E:/Unreal Files/Projects/ShootingRange/Content/StarterContent/Particles/P_Explosion.uasset" 554
"E:/Unreal Files/Projects/ShootingRange/Content/StarterContent/Particles/P_Explosion.uexp" 555
"../../../Engine/Content/Animation/DefaultAnimCurveCompressionSettings.uasset" 556
"../../../Engine/Content/Animation/DefaultAnimCurveCompressionSettings.uexp" 557
"../../../Engine/Content/Animation/DefaultAnimBoneCompressionSettings.uasset" 558
"../../../Engine/Content/Animation/DefaultAnimBoneCompressionSettings.uexp" 559
"E:/Unreal Files/Projects/ShootingRange/Content/FirstPersonArms/Character/Mesh/SK_Mannequin_Arms_Skeleton.uasset" 560
"E:/Unreal Files/Projects/ShootingRange/Content/FirstPersonArms/Character/Mesh/SK_Mannequin_Arms_Skeleton.uexp" 561
"E:/Unreal Files/Projects/ShootingRange/Content/FirstPersonArms/Animations/FirstPerson_Fire.uasset" 562
"E:/Unreal Files/Projects/ShootingRange/Content/FirstPersonArms/Animations/FirstPerson_Fire.uexp" 563
"E:/Unreal Files/Projects/ShootingRange/Content/FirstPersonArms/Animations/FirstPersonFire_Montage.uasset" 564
"E:/Unreal Files/Projects/ShootingRange/Content/FirstPersonArms/Animations/FirstPersonFire_Montage.uexp" 565
"E:/Unreal Files/Projects/ShootingRange/Content/MyFiles/Blueprints/UI/MainMenu.uasset" 566
"E:/Unreal Files/Projects/ShootingRange/Content/MyFiles/Blueprints/UI/MainMenu.uexp" 567
"E:/Unreal Files/Projects/ShootingRange/Content/MyFiles/SFX/Beefy-1911-_45-ACP-Close-Single-Gunshot-A-www_fesliyanstudios_com-www_fesliyanstudios_com.ubulk" 568
"E:/Unreal Files/Projects/ShootingRange/Content/MyFiles/SFX/Beefy-1911-_45-ACP-Close-Single-Gunshot-A-www_fesliyanstudios_com-www_fesliyanstudios_com.uasset" 569
"E:/Unreal Files/Projects/ShootingRange/Content/MyFiles/SFX/Beefy-1911-_45-ACP-Close-Single-Gunshot-A-www_fesliyanstudios_com-www_fesliyanstudios_com.uexp" 570
"E:/Unreal Files/Projects/ShootingRange/Content/FPS_Weapon_Bundle/Weapons/Textures/AR4/T_AR4_ALB.ubulk" 571
"E:/Unreal Files/Projects/ShootingRange/Content/FPS_Weapon_Bundle/Weapons/Textures/AR4/T_AR4_ALB.uasset" 572
"E:/Unreal Files/Projects/ShootingRange/Content/FPS_Weapon_Bundle/Weapons/Textures/AR4/T_AR4_ALB.uexp" 573
"E:/Unreal Files/Projects/ShootingRange/Content/FPS_Weapon_Bundle/Weapons/Textures/AR4/T_AR4_M_MSK.ubulk" 574
"E:/Unreal Files/Projects/ShootingRange/Content/FPS_Weapon_Bundle/Weapons/Textures/AR4/T_AR4_M_MSK.uasset" 575
"E:/Unreal Files/Projects/ShootingRange/Content/FPS_Weapon_Bundle/Weapons/Textures/AR4/T_AR4_M_MSK.uexp" 576
"E:/Unreal Files/Projects/ShootingRange/Content/FPS_Weapon_Bundle/Weapons/Textures/AR4/T_AR4_NRM.ubulk" 577
"E:/Unreal Files/Projects/ShootingRange/Content/FPS_Weapon_Bundle/Weapons/Textures/AR4/T_AR4_NRM.uasset" 578
"E:/Unreal Files/Projects/ShootingRange/Content/FPS_Weapon_Bundle/Weapons/Textures/AR4/T_AR4_NRM.uexp" 579
"E:/Unreal Files/Projects/ShootingRange/Content/FPS_Weapon_Bundle/Weapons/Materials/AR4/M_AR4.uasset" 580
"E:/Unreal Files/Projects/ShootingRange/Content/FPS_Weapon_Bundle/Weapons/Materials/AR4/M_AR4.uexp" 581
"E:/Unreal Files/Projects/ShootingRange/Content/FPS_Weapon_Bundle/Weapons/Meshes/AR4/SK_AR4_Physics.uasset" 582
"E:/Unreal Files/Projects/ShootingRange/Content/FPS_Weapon_Bundle/Weapons/Meshes/AR4/SK_AR4_Physics.uexp" 583
"E:/Unreal Files/Projects/ShootingRange/Content/FPS_Weapon_Bundle/Weapons/Meshes/AR4/SK_AR4_Skeleton.uasset" 584
"E:/Unreal Files/Projects/ShootingRange/Content/FPS_Weapon_Bundle/Weapons/Meshes/AR4/SK_AR4_Skeleton.uexp" 585
"E:/Unreal Files/Projects/ShootingRange/Content/FPS_Weapon_Bundle/Weapons/Meshes/AR4/SK_AR4.uasset" 586
"E:/Unreal Files/Projects/ShootingRange/Content/FPS_Weapon_Bundle/Weapons/Meshes/AR4/SK_AR4.uexp" 587
"E:/Unreal Files/Projects/ShootingRange/Content/MyFiles/Blueprints/UI/UI_botScore.uasset" 588
"E:/Unreal Files/Projects/ShootingRange/Content/MyFiles/Blueprints/UI/UI_botScore.uexp" 589
"../../../Engine/Content/Functions/Engine_MaterialFunctions02/Utility/BlendAngleCorrectedNormals.uasset" 590
"../../../Engine/Content/Functions/Engine_MaterialFunctions02/Utility/BlendAngleCorrectedNormals.uexp" 591
"../../../Engine/Content/Functions/MaterialLayerFunctions/MatLayerBlend_NormalBlend.uasset" 592
"../../../Engine/Content/Functions/MaterialLayerFunctions/MatLayerBlend_NormalBlend.uexp" 593
"E:/Unreal Files/Projects/ShootingRange/Content/FirstPersonArms/Character/Materials/MaterialLayers/T_ML_Rubber_Blue_01_N.ubulk" 594
"E:/Unreal Files/Projects/ShootingRange/Content/FirstPersonArms/Character/Materials/MaterialLayers/T_ML_Rubber_Blue_01_N.uasset" 595
"E:/Unreal Files/Projects/ShootingRange/Content/FirstPersonArms/Character/Materials/MaterialLayers/T_ML_Rubber_Blue_01_N.uexp" 596
"E:/Unreal Files/Projects/ShootingRange/Content/FirstPersonArms/Character/Materials/MaterialLayers/T_ML_Rubber_Blue_01_D.ubulk" 597
"E:/Unreal Files/Projects/ShootingRange/Content/FirstPersonArms/Character/Materials/MaterialLayers/T_ML_Rubber_Blue_01_D.uasset" 598
"E:/Unreal Files/Projects/ShootingRange/Content/FirstPersonArms/Character/Materials/MaterialLayers/T_ML_Rubber_Blue_01_D.uexp" 599
"E:/Unreal Files/Projects/ShootingRange/Content/FirstPersonArms/Character/Materials/MaterialLayers/ML_GlossyBlack_Latex_UE4.uasset" 600
"E:/Unreal Files/Projects/ShootingRange/Content/FirstPersonArms/Character/Materials/MaterialLayers/ML_GlossyBlack_Latex_UE4.uexp" 601
"E:/Unreal Files/Projects/ShootingRange/Content/FirstPersonArms/Character/Textures/UE4_Mannequin_MAT_MASKA.ubulk" 602
"E:/Unreal Files/Projects/ShootingRange/Content/FirstPersonArms/Character/Textures/UE4_Mannequin_MAT_MASKA.uasset" 603
"E:/Unreal Files/Projects/ShootingRange/Content/FirstPersonArms/Character/Textures/UE4_Mannequin_MAT_MASKA.uexp" 604
"E:/Unreal Files/Projects/ShootingRange/Content/FirstPersonArms/Character/Textures/UE4_LOGO_CARD.ubulk" 605
"E:/Unreal Files/Projects/ShootingRange/Content/FirstPersonArms/Character/Textures/UE4_LOGO_CARD.uasset" 606
"E:/Unreal Files/Projects/ShootingRange/Content/FirstPersonArms/Character/Textures/UE4_LOGO_CARD.uexp" 607
"E:/Unreal Files/Projects/ShootingRange/Content/FirstPersonArms/Character/Materials/MaterialLayers/ML_Plastic_Shiny_Beige_LOGO.uasset" 608
"E:/Unreal Files/Projects/ShootingRange/Content/FirstPersonArms/Character/Materials/MaterialLayers/ML_Plastic_Shiny_Beige_LOGO.uexp" 609
"../../../Engine/Content/Functions/MaterialLayerFunctions/MatLayerBlend_Simple.uasset" 610
"../../../Engine/Content/Functions/MaterialLayerFunctions/MatLayerBlend_Simple.uexp" 611
"E:/Unreal Files/Projects/ShootingRange/Content/FirstPersonArms/Character/Materials/MaterialLayers/T_ML_Aluminum01.ubulk" 612
"E:/Unreal Files/Projects/ShootingRange/Content/FirstPersonArms/Character/Materials/MaterialLayers/T_ML_Aluminum01.uasset" 613
"E:/Unreal Files/Projects/ShootingRange/Content/FirstPersonArms/Character/Materials/MaterialLayers/T_ML_Aluminum01.uexp" 614
"E:/Unreal Files/Projects/ShootingRange/Content/FirstPersonArms/Character/Materials/MaterialLayers/T_ML_Aluminum01_N.ubulk" 615
"E:/Unreal Files/Projects/ShootingRange/Content/FirstPersonArms/Character/Materials/MaterialLayers/T_ML_Aluminum01_N.uasset" 616
"E:/Unreal Files/Projects/ShootingRange/Content/FirstPersonArms/Character/Materials/MaterialLayers/T_ML_Aluminum01_N.uexp" 617
"E:/Unreal Files/Projects/ShootingRange/Content/FirstPersonArms/Character/Materials/MaterialLayers/ML_SoftMetal_UE4.uasset" 618
"E:/Unreal Files/Projects/ShootingRange/Content/FirstPersonArms/Character/Materials/MaterialLayers/ML_SoftMetal_UE4.uexp" 619
"E:/Unreal Files/Projects/ShootingRange/Content/FirstPersonArms/Character/Materials/MaterialLayers/ML_Plastic_Shiny_Beige.uasset" 620
"E:/Unreal Files/Projects/ShootingRange/Content/FirstPersonArms/Character/Materials/MaterialLayers/ML_Plastic_Shiny_Beige.uexp" 621
"E:/Unreal Files/Projects/ShootingRange/Content/FirstPersonArms/Character/Textures/UE4_Mannequin__normals.ubulk" 622
"E:/Unreal Files/Projects/ShootingRange/Content/FirstPersonArms/Character/Textures/UE4_Mannequin__normals.uasset" 623
"E:/Unreal Files/Projects/ShootingRange/Content/FirstPersonArms/Character/Textures/UE4_Mannequin__normals.uexp" 624
"E:/Unreal Files/Projects/ShootingRange/Content/FirstPersonArms/Character/Materials/M_UE4Man_Body.uasset" 625
"E:/Unreal Files/Projects/ShootingRange/Content/FirstPersonArms/Character/Materials/M_UE4Man_Body.uexp" 626
"E:/Unreal Files/Projects/ShootingRange/Content/FirstPersonArms/Character/Mesh/SK_Mannequin_Arms_PhysicsAsset.uasset" 627
"E:/Unreal Files/Projects/ShootingRange/Content/FirstPersonArms/Character/Mesh/SK_Mannequin_Arms_PhysicsAsset.uexp" 628
"E:/Unreal Files/Projects/ShootingRange/Content/FirstPersonArms/Character/Mesh/SK_Mannequin_Arms.uasset" 629
"E:/Unreal Files/Projects/ShootingRange/Content/FirstPersonArms/Character/Mesh/SK_Mannequin_Arms.uexp" 630
"../../../Engine/Content/BasicShapes/Cube.ubulk" 631
"../../../Engine/Content/BasicShapes/Cube.uasset" 632
"../../../Engine/Content/BasicShapes/Cube.uexp" 633
"E:/Unreal Files/Projects/ShootingRange/Content/Characters/Mannequins/Meshes/SK_Mannequin.uasset" 634
"E:/Unreal Files/Projects/ShootingRange/Content/Characters/Mannequins/Meshes/SK_Mannequin.uexp" 635
"E:/Unreal Files/Projects/ShootingRange/Content/Characters/Mannequins/Textures/Quinn/T_Quinn_02ID_MSR_MSK.ubulk" 636
"E:/Unreal Files/Projects/ShootingRange/Content/Characters/Mannequins/Textures/Quinn/T_Quinn_02ID_MSR_MSK.uasset" 637
"E:/Unreal Files/Projects/ShootingRange/Content/Characters/Mannequins/Textures/Quinn/T_Quinn_02ID_MSR_MSK.uexp" 638
"E:/Unreal Files/Projects/ShootingRange/Content/Characters/Mannequins/Textures/Quinn/T_Quinn_02ID_BN.ubulk" 639
"E:/Unreal Files/Projects/ShootingRange/Content/Characters/Mannequins/Textures/Quinn/T_Quinn_02ID_BN.uasset" 640
"E:/Unreal Files/Projects/ShootingRange/Content/Characters/Mannequins/Textures/Quinn/T_Quinn_02ID_BN.uexp" 641
"E:/Unreal Files/Projects/ShootingRange/Content/Characters/Mannequins/Textures/Quinn/T_Quinn_02_ASAOMASK_MSK.ubulk" 642
"E:/Unreal Files/Projects/ShootingRange/Content/Characters/Mannequins/Textures/Quinn/T_Quinn_02_ASAOMASK_MSK.uasset" 643
"E:/Unreal Files/Projects/ShootingRange/Content/Characters/Mannequins/Textures/Quinn/T_Quinn_02_ASAOMASK_MSK.uexp" 644
"E:/Unreal Files/Projects/ShootingRange/Content/Characters/Mannequins/Textures/Quinn/T_Quinn_02_CCRCCPlastic_MSK.ubulk" 645
"E:/Unreal Files/Projects/ShootingRange/Content/Characters/Mannequins/Textures/Quinn/T_Quinn_02_CCRCCPlastic_MSK.uasset" 646
"E:/Unreal Files/Projects/ShootingRange/Content/Characters/Mannequins/Textures/Quinn/T_Quinn_02_CCRCCPlastic_MSK.uexp" 647
"E:/Unreal Files/Projects/ShootingRange/Content/Characters/Mannequins/Textures/Quinn/T_Quinn_02ID_Tan.ubulk" 648
"E:/Unreal Files/Projects/ShootingRange/Content/Characters/Mannequins/Textures/Quinn/T_Quinn_02ID_Tan.uasset" 649
"E:/Unreal Files/Projects/ShootingRange/Content/Characters/Mannequins/Textures/Quinn/T_Quinn_02ID_Tan.uexp" 650
"E:/Unreal Files/Projects/ShootingRange/Content/Characters/Mannequins/Textures/Quinn/T_Quinn_02ID_D.ubulk" 651
"E:/Unreal Files/Projects/ShootingRange/Content/Characters/Mannequins/Textures/Quinn/T_Quinn_02ID_D.uasset" 652
"E:/Unreal Files/Projects/ShootingRange/Content/Characters/Mannequins/Textures/Quinn/T_Quinn_02ID_D.uexp" 653
"E:/Unreal Files/Projects/ShootingRange/Content/Characters/Mannequins/Textures/Quinn/T_Quinn_01ID_MSR_MSK.ubulk" 654
"E:/Unreal Files/Projects/ShootingRange/Content/Characters/Mannequins/Textures/Quinn/T_Quinn_01ID_MSR_MSK.uasset" 655
"E:/Unreal Files/Projects/ShootingRange/Content/Characters/Mannequins/Textures/Quinn/T_Quinn_01ID_MSR_MSK.uexp" 656
"E:/Unreal Files/Projects/ShootingRange/Content/Characters/Mannequins/Materials/Functions/ChromaticCurve.uasset" 657
"E:/Unreal Files/Projects/ShootingRange/Content/Characters/Mannequins/Materials/Functions/ChromaticCurve.uexp" 658
"E:/Unreal Files/Projects/ShootingRange/Content/Characters/Mannequins/Materials/Functions/CA_Mannequin.uasset" 659
"E:/Unreal Files/Projects/ShootingRange/Content/Characters/Mannequins/Materials/Functions/CA_Mannequin.uexp" 660
"E:/Unreal Files/Projects/ShootingRange/Content/Characters/Mannequins/Materials/Functions/MF_Diffraction.uasset" 661
"E:/Unreal Files/Projects/ShootingRange/Content/Characters/Mannequins/Materials/Functions/MF_Diffraction.uexp" 662
"E:/Unreal Files/Projects/ShootingRange/Content/Characters/Mannequins/Textures/Manny/T_Manny_01_N.ubulk" 663
"E:/Unreal Files/Projects/ShootingRange/Content/Characters/Mannequins/Textures/Manny/T_Manny_01_N.uasset" 664
"E:/Unreal Files/Projects/ShootingRange/Content/Characters/Mannequins/Textures/Manny/T_Manny_01_N.uexp" 665
"E:/Unreal Files/Projects/ShootingRange/Content/Characters/Mannequins/Materials/Functions/ML_BaseColorFallOff.uasset" 666
"E:/Unreal Files/Projects/ShootingRange/Content/Characters/Mannequins/Materials/Functions/ML_BaseColorFallOff.uexp" 667
"../../../Engine/Content/Functions/Engine_MaterialFunctions01/Texturing/ScaleUVsByCenter.uasset" 668
"../../../Engine/Content/Functions/Engine_MaterialFunctions01/Texturing/ScaleUVsByCenter.uexp" 669
"E:/Unreal Files/Projects/ShootingRange/Content/Characters/Mannequins/Textures/Shared/T_UE_Logo_M.uasset" 670
"E:/Unreal Files/Projects/ShootingRange/Content/Characters/Mannequins/Textures/Shared/T_UE_Logo_M.uexp" 671
"E:/Unreal Files/Projects/ShootingRange/Content/Characters/Mannequins/Materials/Functions/MF_logo3layers.uasset" 672
"E:/Unreal Files/Projects/ShootingRange/Content/Characters/Mannequins/Materials/Functions/MF_logo3layers.uexp" 673
"E:/Unreal Files/Projects/ShootingRange/Content/Characters/Mannequins/Textures/Manny/T_Manny_01_CCRCCPlastic_MSK.ubulk" 674
"E:/Unreal Files/Projects/ShootingRange/Content/Characters/Mannequins/Textures/Manny/T_Manny_01_CCRCCPlastic_MSK.uasset" 675
"E:/Unreal Files/Projects/ShootingRange/Content/Characters/Mannequins/Textures/Manny/T_Manny_01_CCRCCPlastic_MSK.uexp" 676
"E:/Unreal Files/Projects/ShootingRange/Content/Characters/Mannequins/Textures/Manny/T_Manny_01_ASAOPMASK_MSK.ubulk" 677
"E:/Unreal Files/Projects/ShootingRange/Content/Characters/Mannequins/Textures/Manny/T_Manny_01_ASAOPMASK_MSK.uasset" 678
"E:/Unreal Files/Projects/ShootingRange/Content/Characters/Mannequins/Textures/Manny/T_Manny_01_ASAOPMASK_MSK.uexp" 679
"E:/Unreal Files/Projects/ShootingRange/Content/Characters/Mannequins/Textures/Manny/T_Manny_01_MSR_MSK.ubulk" 680
"E:/Unreal Files/Projects/ShootingRange/Content/Characters/Mannequins/Textures/Manny/T_Manny_01_MSR_MSK.uasset" 681
"E:/Unreal Files/Projects/ShootingRange/Content/Characters/Mannequins/Textures/Manny/T_Manny_01_MSR_MSK.uexp" 682
"E:/Unreal Files/Projects/ShootingRange/Content/Characters/Mannequins/Textures/Manny/T_Manny_01_BN.ubulk" 683
"E:/Unreal Files/Projects/ShootingRange/Content/Characters/Mannequins/Textures/Manny/T_Manny_01_BN.uasset" 684
"E:/Unreal Files/Projects/ShootingRange/Content/Characters/Mannequins/Textures/Manny/T_Manny_01_BN.uexp" 685
"E:/Unreal Files/Projects/ShootingRange/Content/Characters/Mannequins/Textures/Manny/T_Manny_01_D.ubulk" 686
"E:/Unreal Files/Projects/ShootingRange/Content/Characters/Mannequins/Textures/Manny/T_Manny_01_D.uasset" 687
"E:/Unreal Files/Projects/ShootingRange/Content/Characters/Mannequins/Textures/Manny/T_Manny_01_D.uexp" 688
"E:/Unreal Files/Projects/ShootingRange/Content/Characters/Mannequins/Textures/Manny/T_Manny_01_Tan.ubulk" 689
"E:/Unreal Files/Projects/ShootingRange/Content/Characters/Mannequins/Textures/Manny/T_Manny_01_Tan.uasset" 690
"E:/Unreal Files/Projects/ShootingRange/Content/Characters/Mannequins/Textures/Manny/T_Manny_01_Tan.uexp" 691
"E:/Unreal Files/Projects/ShootingRange/Content/Characters/Mannequins/Materials/M_Mannequin.uasset" 692
"E:/Unreal Files/Projects/ShootingRange/Content/Characters/Mannequins/Materials/M_Mannequin.uexp" 693
"E:/Unreal Files/Projects/ShootingRange/Content/Characters/Mannequins/Textures/Quinn/T_Quinn_01_ASAOMASK_MSK.ubulk" 694
"E:/Unreal Files/Projects/ShootingRange/Content/Characters/Mannequins/Textures/Quinn/T_Quinn_01_ASAOMASK_MSK.uasset" 695
"E:/Unreal Files/Projects/ShootingRange/Content/Characters/Mannequins/Textures/Quinn/T_Quinn_01_ASAOMASK_MSK.uexp" 696
"E:/Unreal Files/Projects/ShootingRange/Content/Characters/Mannequins/Textures/Quinn/T_Quinn_01ID_N.ubulk" 697
"E:/Unreal Files/Projects/ShootingRange/Content/Characters/Mannequins/Textures/Quinn/T_Quinn_01ID_N.uasset" 698
"E:/Unreal Files/Projects/ShootingRange/Content/Characters/Mannequins/Textures/Quinn/T_Quinn_01ID_N.uexp" 699
"E:/Unreal Files/Projects/ShootingRange/Content/Characters/Mannequins/Textures/Quinn/T_Quinn_01ID_BN.ubulk" 700
"E:/Unreal Files/Projects/ShootingRange/Content/Characters/Mannequins/Textures/Quinn/T_Quinn_01ID_BN.uasset" 701
"E:/Unreal Files/Projects/ShootingRange/Content/Characters/Mannequins/Textures/Quinn/T_Quinn_01ID_BN.uexp" 702
"E:/Unreal Files/Projects/ShootingRange/Content/Characters/Mannequins/Textures/Quinn/T_Quinn_01ID_D.ubulk" 703
"E:/Unreal Files/Projects/ShootingRange/Content/Characters/Mannequins/Textures/Quinn/T_Quinn_01ID_D.uasset" 704
"E:/Unreal Files/Projects/ShootingRange/Content/Characters/Mannequins/Textures/Quinn/T_Quinn_01ID_D.uexp" 705
"E:/Unreal Files/Projects/ShootingRange/Content/Characters/Mannequins/Textures/Quinn/T_Quinn_01ID_Tan.ubulk" 706
"E:/Unreal Files/Projects/ShootingRange/Content/Characters/Mannequins/Textures/Quinn/T_Quinn_01ID_Tan.uasset" 707
"E:/Unreal Files/Projects/ShootingRange/Content/Characters/Mannequins/Textures/Quinn/T_Quinn_01ID_Tan.uexp" 708
"E:/Unreal Files/Projects/ShootingRange/Content/Characters/Mannequins/Textures/Quinn/T_Quinn_01_CCRCCPlastic_MSK.ubulk" 709
"E:/Unreal Files/Projects/ShootingRange/Content/Characters/Mannequins/Textures/Quinn/T_Quinn_01_CCRCCPlastic_MSK.uasset" 710
"E:/Unreal Files/Projects/ShootingRange/Content/Characters/Mannequins/Textures/Quinn/T_Quinn_01_CCRCCPlastic_MSK.uexp" 711
"E:/Unreal Files/Projects/ShootingRange/Content/Characters/Mannequins/Materials/Instances/Quinn/MI_Quinn_01.uasset" 712
"E:/Unreal Files/Projects/ShootingRange/Content/Characters/Mannequins/Materials/Instances/Quinn/MI_Quinn_01.uexp" 713
"E:/Unreal Files/Projects/ShootingRange/Content/Characters/Mannequins/Textures/Quinn/T_Quinn_02ID_N.ubulk" 714
"E:/Unreal Files/Projects/ShootingRange/Content/Characters/Mannequins/Textures/Quinn/T_Quinn_02ID_N.uasset" 715
"E:/Unreal Files/Projects/ShootingRange/Content/Characters/Mannequins/Textures/Quinn/T_Quinn_02ID_N.uexp" 716
"E:/Unreal Files/Projects/ShootingRange/Content/Characters/Mannequins/Materials/Instances/Quinn/MI_Quinn_02.uasset" 717
"E:/Unreal Files/Projects/ShootingRange/Content/Characters/Mannequins/Materials/Instances/Quinn/MI_Quinn_02.uexp" 718
"E:/Unreal Files/Projects/ShootingRange/Content/Characters/Mannequins/Rigs/PA_Mannequin.uasset" 719
"E:/Unreal Files/Projects/ShootingRange/Content/Characters/Mannequins/Rigs/PA_Mannequin.uexp" 720
"E:/Unreal Files/Projects/ShootingRange/Content/Characters/Mannequins/Meshes/SKM_Quinn_Simple.uasset" 721
"E:/Unreal Files/Projects/ShootingRange/Content/Characters/Mannequins/Meshes/SKM_Quinn_Simple.uexp" 722
"E:/Unreal Files/Projects/ShootingRange/Content/MyFiles/Blueprints/BotAssets/BP_BotToShoot.uasset" 723
"E:/Unreal Files/Projects/ShootingRange/Content/MyFiles/Blueprints/BotAssets/BP_BotToShoot.uexp" 724
"E:/Unreal Files/Projects/ShootingRange/Content/LevelPrototyping/Materials/M_Solid.uasset" 725
"E:/Unreal Files/Projects/ShootingRange/Content/LevelPrototyping/Materials/M_Solid.uexp" 726
"E:/Unreal Files/Projects/ShootingRange/Content/LevelPrototyping/Materials/MI_Solid_Blue.uasset" 727
"E:/Unreal Files/Projects/ShootingRange/Content/LevelPrototyping/Materials/MI_Solid_Blue.uexp" 728
"E:/Unreal Files/Projects/ShootingRange/Content/MyFiles/SFX/button_press.ubulk" 729
"E:/Unreal Files/Projects/ShootingRange/Content/MyFiles/SFX/button_press.uasset" 730
"E:/Unreal Files/Projects/ShootingRange/Content/MyFiles/SFX/button_press.uexp" 731
"E:/Unreal Files/Projects/ShootingRange/Content/MyFiles/Blueprints/BotAssets/BP_BotSpawnButton.uasset" 732
"E:/Unreal Files/Projects/ShootingRange/Content/MyFiles/Blueprints/BotAssets/BP_BotSpawnButton.uexp" 733
"E:/Unreal Files/Projects/ShootingRange/Content/MyFiles/Blueprints/BotAssets/BP_BotSpawner.uasset" 734
"E:/Unreal Files/Projects/ShootingRange/Content/MyFiles/Blueprints/BotAssets/BP_BotSpawner.uexp" 735
"E:/Unreal Files/Projects/ShootingRange/Content/MyFiles/SFX/110100__ronaldvanwonderen__heavy-footstep-wood-3.ubulk" 736
"E:/Unreal Files/Projects/ShootingRange/Content/MyFiles/SFX/110100__ronaldvanwonderen__heavy-footstep-wood-3.uasset" 737
"E:/Unreal Files/Projects/ShootingRange/Content/MyFiles/SFX/110100__ronaldvanwonderen__heavy-footstep-wood-3.uexp" 738
"E:/Unreal Files/Projects/ShootingRange/Content/MyFiles/SFX/110101__ronaldvanwonderen__heavy-wood-footstep-2.ubulk" 739
"E:/Unreal Files/Projects/ShootingRange/Content/MyFiles/SFX/110101__ronaldvanwonderen__heavy-wood-footstep-2.uasset" 740
"E:/Unreal Files/Projects/ShootingRange/Content/MyFiles/SFX/110101__ronaldvanwonderen__heavy-wood-footstep-2.uexp" 741
"E:/Unreal Files/Projects/ShootingRange/Content/MyFiles/SFX/footstepSounds.uasset" 742
"E:/Unreal Files/Projects/ShootingRange/Content/MyFiles/SFX/footstepSounds.uexp" 743
"E:/Unreal Files/Projects/ShootingRange/Content/FirstPersonArms/Animations/FirstPerson_JumpLoop.uasset" 744
"E:/Unreal Files/Projects/ShootingRange/Content/FirstPersonArms/Animations/FirstPerson_JumpLoop.uexp" 745
"E:/Unreal Files/Projects/ShootingRange/Content/FirstPersonArms/Animations/FirstPerson_Run.uasset" 746
"E:/Unreal Files/Projects/ShootingRange/Content/FirstPersonArms/Animations/FirstPerson_Run.uexp" 747
"E:/Unreal Files/Projects/ShootingRange/Content/FirstPersonArms/Animations/FirstPerson_JumpEnd.uasset" 748
"E:/Unreal Files/Projects/ShootingRange/Content/FirstPersonArms/Animations/FirstPerson_JumpEnd.uexp" 749
"E:/Unreal Files/Projects/ShootingRange/Content/FirstPersonArms/Animations/FirstPerson_Idle.uasset" 750
"E:/Unreal Files/Projects/ShootingRange/Content/FirstPersonArms/Animations/FirstPerson_Idle.uexp" 751
"E:/Unreal Files/Projects/ShootingRange/Content/FirstPersonArms/Animations/FirstPerson_JumpStart.uasset" 752
"E:/Unreal Files/Projects/ShootingRange/Content/FirstPersonArms/Animations/FirstPerson_JumpStart.uexp" 753
"E:/Unreal Files/Projects/ShootingRange/Content/FirstPersonArms/Animations/FirstPerson_AnimBP.uasset" 754
"E:/Unreal Files/Projects/ShootingRange/Content/FirstPersonArms/Animations/FirstPerson_AnimBP.uexp" 755
"E:/Unreal Files/Projects/ShootingRange/Content/MyFiles/Blueprints/DataTable/DifficultyOptionStruct.uasset" 756
"E:/Unreal Files/Projects/ShootingRange/Content/MyFiles/Blueprints/DataTable/DifficultyOptionStruct.uexp" 757
"E:/Unreal Files/Projects/ShootingRange/Content/MyFiles/Blueprints/DataTable/DifficultyOptionDataTable.uasset" 758
"E:/Unreal Files/Projects/ShootingRange/Content/MyFiles/Blueprints/DataTable/DifficultyOptionDataTable.uexp" 759
"E:/Unreal Files/Projects/ShootingRange/Content/MyFiles/Blueprints/UI/DifficultyMenu.uasset" 760
"E:/Unreal Files/Projects/ShootingRange/Content/MyFiles/Blueprints/UI/DifficultyMenu.uexp" 761
"E:/Unreal Files/Projects/ShootingRange/Content/MyFiles/Blueprints/Gun/gunfireCameraShake.uasset" 762
"E:/Unreal Files/Projects/ShootingRange/Content/MyFiles/Blueprints/Gun/gunfireCameraShake.uexp" 763
"E:/Unreal Files/Projects/ShootingRange/Content/MyFiles/Blueprints/UI/SettingsMenu.uasset" 764
"E:/Unreal Files/Projects/ShootingRange/Content/MyFiles/Blueprints/UI/SettingsMenu.uexp" 765
"E:/Unreal Files/Projects/ShootingRange/Content/MyFiles/SFX/bot_killed_sound.ubulk" 766
"E:/Unreal Files/Projects/ShootingRange/Content/MyFiles/SFX/bot_killed_sound.uasset" 767
"E:/Unreal Files/Projects/ShootingRange/Content/MyFiles/SFX/bot_killed_sound.uexp" 768
"E:/Unreal Files/Projects/ShootingRange/Content/FirstPerson/Blueprints/BP_FirstPersonCharacter.uasset" 769
"E:/Unreal Files/Projects/ShootingRange/Content/FirstPerson/Blueprints/BP_FirstPersonCharacter.uexp" 770
"E:/Unreal Files/Projects/ShootingRange/Content/MyFiles/Blueprints/Gun/BP_Gun.uasset" 771
"E:/Unreal Files/Projects/ShootingRange/Content/MyFiles/Blueprints/Gun/BP_Gun.uexp" 772
"E:/Unreal Files/Projects/ShootingRange/Content/MyFiles/SFX/Ambient_Space_Music_-_Exoplanet.ubulk" 773
"E:/Unreal Files/Projects/ShootingRange/Content/MyFiles/SFX/Ambient_Space_Music_-_Exoplanet.uasset" 774
"E:/Unreal Files/Projects/ShootingRange/Content/MyFiles/SFX/Ambient_Space_Music_-_Exoplanet.uexp" 775
"E:/Unreal Files/Projects/ShootingRange/Content/MyFiles/SFX/spaceMusic.uasset" 776
"E:/Unreal Files/Projects/ShootingRange/Content/MyFiles/SFX/spaceMusic.uexp" 777
"E:/Unreal Files/Projects/ShootingRange/Content/SpaceshipInterior/Textures/T_Scifi_Decal_01_BC.ubulk" 778
"E:/Unreal Files/Projects/ShootingRange/Content/SpaceshipInterior/Textures/T_Scifi_Decal_01_BC.uasset" 779
"E:/Unreal Files/Projects/ShootingRange/Content/SpaceshipInterior/Textures/T_Scifi_Decal_01_BC.uexp" 780
"E:/Unreal Files/Projects/ShootingRange/Content/SpaceshipInterior/Materials/M_Scifi_Stripe_Decal_01.uasset" 781
"E:/Unreal Files/Projects/ShootingRange/Content/SpaceshipInterior/Materials/M_Scifi_Stripe_Decal_01.uexp" 782
"E:/Unreal Files/Projects/ShootingRange/Content/SpaceshipInterior/Textures/T_Scifi_Pillar_01_N.ubulk" 783
"E:/Unreal Files/Projects/ShootingRange/Content/SpaceshipInterior/Textures/T_Scifi_Pillar_01_N.uasset" 784
"E:/Unreal Files/Projects/ShootingRange/Content/SpaceshipInterior/Textures/T_Scifi_Pillar_01_N.uexp" 785
"E:/Unreal Files/Projects/ShootingRange/Content/SpaceshipInterior/Materials/M_Scifi_Pillar_01_Color.uasset" 786
"E:/Unreal Files/Projects/ShootingRange/Content/SpaceshipInterior/Materials/M_Scifi_Pillar_01_Color.uexp" 787
"E:/Unreal Files/Projects/ShootingRange/Content/SpaceshipInterior/Textures/T_Scifi_Wall_03_AO.ubulk" 788
"E:/Unreal Files/Projects/ShootingRange/Content/SpaceshipInterior/Textures/T_Scifi_Wall_03_AO.uasset" 789
"E:/Unreal Files/Projects/ShootingRange/Content/SpaceshipInterior/Textures/T_Scifi_Wall_03_AO.uexp" 790
"E:/Unreal Files/Projects/ShootingRange/Content/SpaceshipInterior/Textures/T_Scifi_Wall_03_BC.ubulk" 791
"E:/Unreal Files/Projects/ShootingRange/Content/SpaceshipInterior/Textures/T_Scifi_Wall_03_BC.uasset" 792
"E:/Unreal Files/Projects/ShootingRange/Content/SpaceshipInterior/Textures/T_Scifi_Wall_03_BC.uexp" 793
"E:/Unreal Files/Projects/ShootingRange/Content/SpaceshipInterior/Textures/T_Scifi_Wall_03_S.ubulk" 794
"E:/Unreal Files/Projects/ShootingRange/Content/SpaceshipInterior/Textures/T_Scifi_Wall_03_S.uasset" 795
"E:/Unreal Files/Projects/ShootingRange/Content/SpaceshipInterior/Textures/T_Scifi_Wall_03_S.uexp" 796
"E:/Unreal Files/Projects/ShootingRange/Content/SpaceshipInterior/Textures/T_Scifi_Door_01_R.ubulk" 797
"E:/Unreal Files/Projects/ShootingRange/Content/SpaceshipInterior/Textures/T_Scifi_Door_01_R.uasset" 798
"E:/Unreal Files/Projects/ShootingRange/Content/SpaceshipInterior/Textures/T_Scifi_Door_01_R.uexp" 799
"E:/Unreal Files/Projects/ShootingRange/Content/SpaceshipInterior/Textures/T_Scifi_Door_01_S.ubulk" 800
"E:/Unreal Files/Projects/ShootingRange/Content/SpaceshipInterior/Textures/T_Scifi_Door_01_S.uasset" 801
"E:/Unreal Files/Projects/ShootingRange/Content/SpaceshipInterior/Textures/T_Scifi_Door_01_S.uexp" 802
"E:/Unreal Files/Projects/ShootingRange/Content/SpaceshipInterior/Textures/T_Scifi_Door_01_BC.ubulk" 803
"E:/Unreal Files/Projects/ShootingRange/Content/SpaceshipInterior/Textures/T_Scifi_Door_01_BC.uasset" 804
"E:/Unreal Files/Projects/ShootingRange/Content/SpaceshipInterior/Textures/T_Scifi_Door_01_BC.uexp" 805
"E:/Unreal Files/Projects/ShootingRange/Content/SpaceshipInterior/Textures/T_Scifi_Door_01_AO.ubulk" 806
"E:/Unreal Files/Projects/ShootingRange/Content/SpaceshipInterior/Textures/T_Scifi_Door_01_AO.uasset" 807
"E:/Unreal Files/Projects/ShootingRange/Content/SpaceshipInterior/Textures/T_Scifi_Door_01_AO.uexp" 808
"E:/Unreal Files/Projects/ShootingRange/Content/SpaceshipInterior/Textures/T_Scifi_Door_01_N.ubulk" 809
"E:/Unreal Files/Projects/ShootingRange/Content/SpaceshipInterior/Textures/T_Scifi_Door_01_N.uasset" 810
"E:/Unreal Files/Projects/ShootingRange/Content/SpaceshipInterior/Textures/T_Scifi_Door_01_N.uexp" 811
"E:/Unreal Files/Projects/ShootingRange/Content/SpaceshipInterior/Materials/M_Scifi_Door_01.uasset" 812
"E:/Unreal Files/Projects/ShootingRange/Content/SpaceshipInterior/Materials/M_Scifi_Door_01.uexp" 813
"E:/Unreal Files/Projects/ShootingRange/Content/SpaceshipInterior/Textures/T_Scifi_Wall_03_R.ubulk" 814
"E:/Unreal Files/Projects/ShootingRange/Content/SpaceshipInterior/Textures/T_Scifi_Wall_03_R.uasset" 815
"E:/Unreal Files/Projects/ShootingRange/Content/SpaceshipInterior/Textures/T_Scifi_Wall_03_R.uexp" 816
"E:/Unreal Files/Projects/ShootingRange/Content/SpaceshipInterior/Textures/T_Scifi_Wall_03_N.ubulk" 817
"E:/Unreal Files/Projects/ShootingRange/Content/SpaceshipInterior/Textures/T_Scifi_Wall_03_N.uasset" 818
"E:/Unreal Files/Projects/ShootingRange/Content/SpaceshipInterior/Textures/T_Scifi_Wall_03_N.uexp" 819
"E:/Unreal Files/Projects/ShootingRange/Content/SpaceshipInterior/Materials/MI_Scifi_Wall_03.uasset" 820
"E:/Unreal Files/Projects/ShootingRange/Content/SpaceshipInterior/Materials/MI_Scifi_Wall_03.uexp" 821
"E:/Unreal Files/Projects/ShootingRange/Content/SpaceshipInterior/Meshes/SM_Scifi_Wall_03_12m.ubulk" 822
"E:/Unreal Files/Projects/ShootingRange/Content/SpaceshipInterior/Meshes/SM_Scifi_Wall_03_12m.uasset" 823
"E:/Unreal Files/Projects/ShootingRange/Content/SpaceshipInterior/Meshes/SM_Scifi_Wall_03_12m.uexp" 824
"E:/Unreal Files/Projects/ShootingRange/Content/SpaceshipInterior/Textures/T_Scifi_Wall_02_S.ubulk" 825
"E:/Unreal Files/Projects/ShootingRange/Content/SpaceshipInterior/Textures/T_Scifi_Wall_02_S.uasset" 826
"E:/Unreal Files/Projects/ShootingRange/Content/SpaceshipInterior/Textures/T_Scifi_Wall_02_S.uexp" 827
"E:/Unreal Files/Projects/ShootingRange/Content/SpaceshipInterior/Textures/T_Scifi_Wall_02_N.ubulk" 828
"E:/Unreal Files/Projects/ShootingRange/Content/SpaceshipInterior/Textures/T_Scifi_Wall_02_N.uasset" 829
"E:/Unreal Files/Projects/ShootingRange/Content/SpaceshipInterior/Textures/T_Scifi_Wall_02_N.uexp" 830
"E:/Unreal Files/Projects/ShootingRange/Content/SpaceshipInterior/Textures/T_Scifi_Wall_02_A.ubulk" 831
"E:/Unreal Files/Projects/ShootingRange/Content/SpaceshipInterior/Textures/T_Scifi_Wall_02_A.uasset" 832
"E:/Unreal Files/Projects/ShootingRange/Content/SpaceshipInterior/Textures/T_Scifi_Wall_02_A.uexp" 833
"E:/Unreal Files/Projects/ShootingRange/Content/SpaceshipInterior/Textures/T_Scifi_Wall_02_R.ubulk" 834
"E:/Unreal Files/Projects/ShootingRange/Content/SpaceshipInterior/Textures/T_Scifi_Wall_02_R.uasset" 835
"E:/Unreal Files/Projects/ShootingRange/Content/SpaceshipInterior/Textures/T_Scifi_Wall_02_R.uexp" 836
"E:/Unreal Files/Projects/ShootingRange/Content/SpaceshipInterior/Textures/T_Scifi_Wall_02_AO.ubulk" 837
"E:/Unreal Files/Projects/ShootingRange/Content/SpaceshipInterior/Textures/T_Scifi_Wall_02_AO.uasset" 838
"E:/Unreal Files/Projects/ShootingRange/Content/SpaceshipInterior/Textures/T_Scifi_Wall_02_AO.uexp" 839
"E:/Unreal Files/Projects/ShootingRange/Content/SpaceshipInterior/Materials/MI_Scifi_Wall_02.uasset" 840
"E:/Unreal Files/Projects/ShootingRange/Content/SpaceshipInterior/Materials/MI_Scifi_Wall_02.uexp" 841
"E:/Unreal Files/Projects/ShootingRange/Content/SpaceshipInterior/Meshes/SM_Scifi_Wall_02_Lowerbase_Base.ubulk" 842
"E:/Unreal Files/Projects/ShootingRange/Content/SpaceshipInterior/Meshes/SM_Scifi_Wall_02_Lowerbase_Base.uasset" 843
"E:/Unreal Files/Projects/ShootingRange/Content/SpaceshipInterior/Meshes/SM_Scifi_Wall_02_Lowerbase_Base.uexp" 844
"E:/Unreal Files/Projects/ShootingRange/Content/SpaceshipInterior/Textures/T_Scifi_Pillar_01_AO.ubulk" 845
"E:/Unreal Files/Projects/ShootingRange/Content/SpaceshipInterior/Textures/T_Scifi_Pillar_01_AO.uasset" 846
"E:/Unreal Files/Projects/ShootingRange/Content/SpaceshipInterior/Textures/T_Scifi_Pillar_01_AO.uexp" 847
"E:/Unreal Files/Projects/ShootingRange/Content/SpaceshipInterior/Textures/T_Scifi_Panel_A.ubulk" 848
"E:/Unreal Files/Projects/ShootingRange/Content/SpaceshipInterior/Textures/T_Scifi_Panel_A.uasset" 849
"E:/Unreal Files/Projects/ShootingRange/Content/SpaceshipInterior/Textures/T_Scifi_Panel_A.uexp" 850
"E:/Unreal Files/Projects/ShootingRange/Content/SpaceshipInterior/Textures/T_Scifi_Panel_N.ubulk" 851
"E:/Unreal Files/Projects/ShootingRange/Content/SpaceshipInterior/Textures/T_Scifi_Panel_N.uasset" 852
"E:/Unreal Files/Projects/ShootingRange/Content/SpaceshipInterior/Textures/T_Scifi_Panel_N.uexp" 853
"E:/Unreal Files/Projects/ShootingRange/Content/SpaceshipInterior/Textures/T_Scifi_Panel_S.ubulk" 854
"E:/Unreal Files/Projects/ShootingRange/Content/SpaceshipInterior/Textures/T_Scifi_Panel_S.uasset" 855
"E:/Unreal Files/Projects/ShootingRange/Content/SpaceshipInterior/Textures/T_Scifi_Panel_S.uexp" 856
"E:/Unreal Files/Projects/ShootingRange/Content/SpaceshipInterior/Textures/T_Scifi_Panel_AO.ubulk" 857
"E:/Unreal Files/Projects/ShootingRange/Content/SpaceshipInterior/Textures/T_Scifi_Panel_AO.uasset" 858
"E:/Unreal Files/Projects/ShootingRange/Content/SpaceshipInterior/Textures/T_Scifi_Panel_AO.uexp" 859
"E:/Unreal Files/Projects/ShootingRange/Content/SpaceshipInterior/Textures/T_Scifi_Panel_R.ubulk" 860
"E:/Unreal Files/Projects/ShootingRange/Content/SpaceshipInterior/Textures/T_Scifi_Panel_R.uasset" 861
"E:/Unreal Files/Projects/ShootingRange/Content/SpaceshipInterior/Textures/T_Scifi_Panel_R.uexp" 862
"E:/Unreal Files/Projects/ShootingRange/Content/SpaceshipInterior/Materials/MI_Scifi_Panel.uasset" 863
"E:/Unreal Files/Projects/ShootingRange/Content/SpaceshipInterior/Materials/MI_Scifi_Panel.uexp" 864
"E:/Unreal Files/Projects/ShootingRange/Content/SpaceshipInterior/Textures/T_Scifi_Pillar_01_BC.ubulk" 865
"E:/Unreal Files/Projects/ShootingRange/Content/SpaceshipInterior/Textures/T_Scifi_Pillar_01_BC.uasset" 866
"E:/Unreal Files/Projects/ShootingRange/Content/SpaceshipInterior/Textures/T_Scifi_Pillar_01_BC.uexp" 867
"E:/Unreal Files/Projects/ShootingRange/Content/SpaceshipInterior/Textures/T_Scifi_Pillar_01_S.ubulk" 868
"E:/Unreal Files/Projects/ShootingRange/Content/SpaceshipInterior/Textures/T_Scifi_Pillar_01_S.uasset" 869
"E:/Unreal Files/Projects/ShootingRange/Content/SpaceshipInterior/Textures/T_Scifi_Pillar_01_S.uexp" 870
"E:/Unreal Files/Projects/ShootingRange/Content/SpaceshipInterior/Textures/T_Scifi_Pillar_01_R.ubulk" 871
"E:/Unreal Files/Projects/ShootingRange/Content/SpaceshipInterior/Textures/T_Scifi_Pillar_01_R.uasset" 872
"E:/Unreal Files/Projects/ShootingRange/Content/SpaceshipInterior/Textures/T_Scifi_Pillar_01_R.uexp" 873
"E:/Unreal Files/Projects/ShootingRange/Content/SpaceshipInterior/Materials/MI_Scifi_Pillar.uasset" 874
"E:/Unreal Files/Projects/ShootingRange/Content/SpaceshipInterior/Materials/MI_Scifi_Pillar.uexp" 875
"E:/Unreal Files/Projects/ShootingRange/Content/SpaceshipInterior/Meshes/SM_Scifi_Pillar_01.ubulk" 876
"E:/Unreal Files/Projects/ShootingRange/Content/SpaceshipInterior/Meshes/SM_Scifi_Pillar_01.uasset" 877
"E:/Unreal Files/Projects/ShootingRange/Content/SpaceshipInterior/Meshes/SM_Scifi_Pillar_01.uexp" 878
"E:/Unreal Files/Projects/ShootingRange/Content/SpaceshipInterior/Textures/T_Scifi_Floor_01_S.ubulk" 879
"E:/Unreal Files/Projects/ShootingRange/Content/SpaceshipInterior/Textures/T_Scifi_Floor_01_S.uasset" 880
"E:/Unreal Files/Projects/ShootingRange/Content/SpaceshipInterior/Textures/T_Scifi_Floor_01_S.uexp" 881
"E:/Unreal Files/Projects/ShootingRange/Content/SpaceshipInterior/Textures/T_Scifi_Floor_01_BC.ubulk" 882
"E:/Unreal Files/Projects/ShootingRange/Content/SpaceshipInterior/Textures/T_Scifi_Floor_01_BC.uasset" 883
"E:/Unreal Files/Projects/ShootingRange/Content/SpaceshipInterior/Textures/T_Scifi_Floor_01_BC.uexp" 884
"E:/Unreal Files/Projects/ShootingRange/Content/SpaceshipInterior/Textures/T_Scifi_Floor_01_N.ubulk" 885
"E:/Unreal Files/Projects/ShootingRange/Content/SpaceshipInterior/Textures/T_Scifi_Floor_01_N.uasset" 886
"E:/Unreal Files/Projects/ShootingRange/Content/SpaceshipInterior/Textures/T_Scifi_Floor_01_N.uexp" 887
"E:/Unreal Files/Projects/ShootingRange/Content/SpaceshipInterior/Textures/T_Scifi_Floor_01_R.ubulk" 888
"E:/Unreal Files/Projects/ShootingRange/Content/SpaceshipInterior/Textures/T_Scifi_Floor_01_R.uasset" 889
"E:/Unreal Files/Projects/ShootingRange/Content/SpaceshipInterior/Textures/T_Scifi_Floor_01_R.uexp" 890
"E:/Unreal Files/Projects/ShootingRange/Content/SpaceshipInterior/Textures/T_Scifi_Floor_01_AO.ubulk" 891
"E:/Unreal Files/Projects/ShootingRange/Content/SpaceshipInterior/Textures/T_Scifi_Floor_01_AO.uasset" 892
"E:/Unreal Files/Projects/ShootingRange/Content/SpaceshipInterior/Textures/T_Scifi_Floor_01_AO.uexp" 893
"E:/Unreal Files/Projects/ShootingRange/Content/SpaceshipInterior/Materials/MI_Scifi_Floor_01.uasset" 894
"E:/Unreal Files/Projects/ShootingRange/Content/SpaceshipInterior/Materials/MI_Scifi_Floor_01.uexp" 895
"E:/Unreal Files/Projects/ShootingRange/Content/SpaceshipInterior/Meshes/SM_Scifi_Hangar_Floor.ubulk" 896
"E:/Unreal Files/Projects/ShootingRange/Content/SpaceshipInterior/Meshes/SM_Scifi_Hangar_Floor.uasset" 897
"E:/Unreal Files/Projects/ShootingRange/Content/SpaceshipInterior/Meshes/SM_Scifi_Hangar_Floor.uexp" 898
"E:/Unreal Files/Projects/ShootingRange/Content/SpaceshipInterior/Textures/T_Scifi_Floor_02_BC.ubulk" 899
"E:/Unreal Files/Projects/ShootingRange/Content/SpaceshipInterior/Textures/T_Scifi_Floor_02_BC.uasset" 900
"E:/Unreal Files/Projects/ShootingRange/Content/SpaceshipInterior/Textures/T_Scifi_Floor_02_BC.uexp" 901
"E:/Unreal Files/Projects/ShootingRange/Content/SpaceshipInterior/Textures/T_Scifi_Floor_02_R.ubulk" 902
"E:/Unreal Files/Projects/ShootingRange/Content/SpaceshipInterior/Textures/T_Scifi_Floor_02_R.uasset" 903
"E:/Unreal Files/Projects/ShootingRange/Content/SpaceshipInterior/Textures/T_Scifi_Floor_02_R.uexp" 904
"E:/Unreal Files/Projects/ShootingRange/Content/SpaceshipInterior/Textures/T_Scifi_Floor_02_S.ubulk" 905
"E:/Unreal Files/Projects/ShootingRange/Content/SpaceshipInterior/Textures/T_Scifi_Floor_02_S.uasset" 906
"E:/Unreal Files/Projects/ShootingRange/Content/SpaceshipInterior/Textures/T_Scifi_Floor_02_S.uexp" 907
"E:/Unreal Files/Projects/ShootingRange/Content/SpaceshipInterior/Textures/T_Scifi_Floor_02_N.ubulk" 908
"E:/Unreal Files/Projects/ShootingRange/Content/SpaceshipInterior/Textures/T_Scifi_Floor_02_N.uasset" 909
"E:/Unreal Files/Projects/ShootingRange/Content/SpaceshipInterior/Textures/T_Scifi_Floor_02_N.uexp" 910
"E:/Unreal Files/Projects/ShootingRange/Content/SpaceshipInterior/Textures/T_Scifi_Floor_02_AO.ubulk" 911
"E:/Unreal Files/Projects/ShootingRange/Content/SpaceshipInterior/Textures/T_Scifi_Floor_02_AO.uasset" 912
"E:/Unreal Files/Projects/ShootingRange/Content/SpaceshipInterior/Textures/T_Scifi_Floor_02_AO.uexp" 913
"E:/Unreal Files/Projects/ShootingRange/Content/SpaceshipInterior/Materials/MI_Scifi_Floor_02.uasset" 914
"E:/Unreal Files/Projects/ShootingRange/Content/SpaceshipInterior/Materials/MI_Scifi_Floor_02.uexp" 915
"E:/Unreal Files/Projects/ShootingRange/Content/SpaceshipInterior/Meshes/SM_Scifi_Floor_Halfcut.ubulk" 916
"E:/Unreal Files/Projects/ShootingRange/Content/SpaceshipInterior/Meshes/SM_Scifi_Floor_Halfcut.uasset" 917
"E:/Unreal Files/Projects/ShootingRange/Content/SpaceshipInterior/Meshes/SM_Scifi_Floor_Halfcut.uexp" 918
"E:/Unreal Files/Projects/ShootingRange/Content/SpaceshipInterior/Textures/T_Scifi_Floor_04_BC.ubulk" 919
"E:/Unreal Files/Projects/ShootingRange/Content/SpaceshipInterior/Textures/T_Scifi_Floor_04_BC.uasset" 920
"E:/Unreal Files/Projects/ShootingRange/Content/SpaceshipInterior/Textures/T_Scifi_Floor_04_BC.uexp" 921
"E:/Unreal Files/Projects/ShootingRange/Content/SpaceshipInterior/Textures/T_Scifi_Floor_04_S.ubulk" 922
"E:/Unreal Files/Projects/ShootingRange/Content/SpaceshipInterior/Textures/T_Scifi_Floor_04_S.uasset" 923
"E:/Unreal Files/Projects/ShootingRange/Content/SpaceshipInterior/Textures/T_Scifi_Floor_04_S.uexp" 924
"E:/Unreal Files/Projects/ShootingRange/Content/SpaceshipInterior/Textures/T_Scifi_Floor_04_R.ubulk" 925
"E:/Unreal Files/Projects/ShootingRange/Content/SpaceshipInterior/Textures/T_Scifi_Floor_04_R.uasset" 926
"E:/Unreal Files/Projects/ShootingRange/Content/SpaceshipInterior/Textures/T_Scifi_Floor_04_R.uexp" 927
"E:/Unreal Files/Projects/ShootingRange/Content/SpaceshipInterior/Textures/T_Scifi_Floor_04_N.ubulk" 928
"E:/Unreal Files/Projects/ShootingRange/Content/SpaceshipInterior/Textures/T_Scifi_Floor_04_N.uasset" 929
"E:/Unreal Files/Projects/ShootingRange/Content/SpaceshipInterior/Textures/T_Scifi_Floor_04_N.uexp" 930
"E:/Unreal Files/Projects/ShootingRange/Content/SpaceshipInterior/Textures/T_Scifi_Floor_04_AO.ubulk" 931
"E:/Unreal Files/Projects/ShootingRange/Content/SpaceshipInterior/Textures/T_Scifi_Floor_04_AO.uasset" 932
"E:/Unreal Files/Projects/ShootingRange/Content/SpaceshipInterior/Textures/T_Scifi_Floor_04_AO.uexp" 933
"E:/Unreal Files/Projects/ShootingRange/Content/SpaceshipInterior/Materials/MI_Scifi_Floor_04.uasset" 934
"E:/Unreal Files/Projects/ShootingRange/Content/SpaceshipInterior/Materials/MI_Scifi_Floor_04.uexp" 935
"E:/Unreal Files/Projects/ShootingRange/Content/SpaceshipInterior/Meshes/SM_Scifi_Floor_04_Dark.ubulk" 936
"E:/Unreal Files/Projects/ShootingRange/Content/SpaceshipInterior/Meshes/SM_Scifi_Floor_04_Dark.uasset" 937
"E:/Unreal Files/Projects/ShootingRange/Content/SpaceshipInterior/Meshes/SM_Scifi_Floor_04_Dark.uexp" 938
"E:/Unreal Files/Projects/ShootingRange/Content/SpaceshipInterior/Meshes/SM_Scifi_Floor_02_Half.ubulk" 939
"E:/Unreal Files/Projects/ShootingRange/Content/SpaceshipInterior/Meshes/SM_Scifi_Floor_02_Half.uasset" 940
"E:/Unreal Files/Projects/ShootingRange/Content/SpaceshipInterior/Meshes/SM_Scifi_Floor_02_Half.uexp" 941
"E:/Unreal Files/Projects/ShootingRange/Content/SpaceshipInterior/Meshes/SM_Scifi_Floor_02.ubulk" 942
"E:/Unreal Files/Projects/ShootingRange/Content/SpaceshipInterior/Meshes/SM_Scifi_Floor_02.uasset" 943
"E:/Unreal Files/Projects/ShootingRange/Content/SpaceshipInterior/Meshes/SM_Scifi_Floor_02.uexp" 944
"E:/Unreal Files/Projects/ShootingRange/Content/SpaceshipInterior/Textures/T_Scifi_Floor_03_M.ubulk" 945
"E:/Unreal Files/Projects/ShootingRange/Content/SpaceshipInterior/Textures/T_Scifi_Floor_03_M.uasset" 946
"E:/Unreal Files/Projects/ShootingRange/Content/SpaceshipInterior/Textures/T_Scifi_Floor_03_M.uexp" 947
"E:/Unreal Files/Projects/ShootingRange/Content/SpaceshipInterior/Textures/T_Scifi_Floor_03_BC.ubulk" 948
"E:/Unreal Files/Projects/ShootingRange/Content/SpaceshipInterior/Textures/T_Scifi_Floor_03_BC.uasset" 949
"E:/Unreal Files/Projects/ShootingRange/Content/SpaceshipInterior/Textures/T_Scifi_Floor_03_BC.uexp" 950
"E:/Unreal Files/Projects/ShootingRange/Content/SpaceshipInterior/Textures/T_Scifi_Floor_03_S.ubulk" 951
"E:/Unreal Files/Projects/ShootingRange/Content/SpaceshipInterior/Textures/T_Scifi_Floor_03_S.uasset" 952
"E:/Unreal Files/Projects/ShootingRange/Content/SpaceshipInterior/Textures/T_Scifi_Floor_03_S.uexp" 953
"E:/Unreal Files/Projects/ShootingRange/Content/SpaceshipInterior/Textures/T_Scifi_Floor_03_N.ubulk" 954
"E:/Unreal Files/Projects/ShootingRange/Content/SpaceshipInterior/Textures/T_Scifi_Floor_03_N.uasset" 955
"E:/Unreal Files/Projects/ShootingRange/Content/SpaceshipInterior/Textures/T_Scifi_Floor_03_N.uexp" 956
"E:/Unreal Files/Projects/ShootingRange/Content/SpaceshipInterior/Textures/T_Scifi_Floor_03_R.ubulk" 957
"E:/Unreal Files/Projects/ShootingRange/Content/SpaceshipInterior/Textures/T_Scifi_Floor_03_R.uasset" 958
"E:/Unreal Files/Projects/ShootingRange/Content/SpaceshipInterior/Textures/T_Scifi_Floor_03_R.uexp" 959
"E:/Unreal Files/Projects/ShootingRange/Content/SpaceshipInterior/Textures/T_Scifi_Floor_03_AO.ubulk" 960
"E:/Unreal Files/Projects/ShootingRange/Content/SpaceshipInterior/Textures/T_Scifi_Floor_03_AO.uasset" 961
"E:/Unreal Files/Projects/ShootingRange/Content/SpaceshipInterior/Textures/T_Scifi_Floor_03_AO.uexp" 962
"E:/Unreal Files/Projects/ShootingRange/Content/SpaceshipInterior/Materials/M_Scifi_Floor_03.uasset" 963
"E:/Unreal Files/Projects/ShootingRange/Content/SpaceshipInterior/Materials/M_Scifi_Floor_03.uexp" 964
"E:/Unreal Files/Projects/ShootingRange/Content/SpaceshipInterior/Textures/T_Scifi_Fence_N.ubulk" 965
"E:/Unreal Files/Projects/ShootingRange/Content/SpaceshipInterior/Textures/T_Scifi_Fence_N.uasset" 966
"E:/Unreal Files/Projects/ShootingRange/Content/SpaceshipInterior/Textures/T_Scifi_Fence_N.uexp" 967
"E:/Unreal Files/Projects/ShootingRange/Content/SpaceshipInterior/Textures/T_Scifi_Fence_S.ubulk" 968
"E:/Unreal Files/Projects/ShootingRange/Content/SpaceshipInterior/Textures/T_Scifi_Fence_S.uasset" 969
"E:/Unreal Files/Projects/ShootingRange/Content/SpaceshipInterior/Textures/T_Scifi_Fence_S.uexp" 970
"E:/Unreal Files/Projects/ShootingRange/Content/SpaceshipInterior/Textures/T_Scifi_Fence_BC.ubulk" 971
"E:/Unreal Files/Projects/ShootingRange/Content/SpaceshipInterior/Textures/T_Scifi_Fence_BC.uasset" 972
"E:/Unreal Files/Projects/ShootingRange/Content/SpaceshipInterior/Textures/T_Scifi_Fence_BC.uexp" 973
"E:/Unreal Files/Projects/ShootingRange/Content/SpaceshipInterior/Textures/T_Scifi_Fence_AO.ubulk" 974
"E:/Unreal Files/Projects/ShootingRange/Content/SpaceshipInterior/Textures/T_Scifi_Fence_AO.uasset" 975
"E:/Unreal Files/Projects/ShootingRange/Content/SpaceshipInterior/Textures/T_Scifi_Fence_AO.uexp" 976
"E:/Unreal Files/Projects/ShootingRange/Content/SpaceshipInterior/Textures/T_Scifi_Fence_M.ubulk" 977
"E:/Unreal Files/Projects/ShootingRange/Content/SpaceshipInterior/Textures/T_Scifi_Fence_M.uasset" 978
"E:/Unreal Files/Projects/ShootingRange/Content/SpaceshipInterior/Textures/T_Scifi_Fence_M.uexp" 979
"E:/Unreal Files/Projects/ShootingRange/Content/SpaceshipInterior/Textures/T_Scifi_Fence_R.ubulk" 980
"E:/Unreal Files/Projects/ShootingRange/Content/SpaceshipInterior/Textures/T_Scifi_Fence_R.uasset" 981
"E:/Unreal Files/Projects/ShootingRange/Content/SpaceshipInterior/Textures/T_Scifi_Fence_R.uexp" 982
"E:/Unreal Files/Projects/ShootingRange/Content/SpaceshipInterior/Materials/MI_Scifi_Fence_01.uasset" 983
"E:/Unreal Files/Projects/ShootingRange/Content/SpaceshipInterior/Materials/MI_Scifi_Fence_01.uexp" 984
"E:/Unreal Files/Projects/ShootingRange/Content/SpaceshipInterior/Meshes/SM_Scifi_Fence_02.ubulk" 985
"E:/Unreal Files/Projects/ShootingRange/Content/SpaceshipInterior/Meshes/SM_Scifi_Fence_02.uasset" 986
"E:/Unreal Files/Projects/ShootingRange/Content/SpaceshipInterior/Meshes/SM_Scifi_Fence_02.uexp" 987
"E:/Unreal Files/Projects/ShootingRange/Content/SpaceshipInterior/Meshes/SM_Scifi_Door_01.ubulk" 988
"E:/Unreal Files/Projects/ShootingRange/Content/SpaceshipInterior/Meshes/SM_Scifi_Door_01.uasset" 989
"E:/Unreal Files/Projects/ShootingRange/Content/SpaceshipInterior/Meshes/SM_Scifi_Door_01.uexp" 990
"E:/Unreal Files/Projects/ShootingRange/Content/SpaceshipInterior/Textures/T_Scifi_Bag_BC.ubulk" 991
"E:/Unreal Files/Projects/ShootingRange/Content/SpaceshipInterior/Textures/T_Scifi_Bag_BC.uasset" 992
"E:/Unreal Files/Projects/ShootingRange/Content/SpaceshipInterior/Textures/T_Scifi_Bag_BC.uexp" 993
"E:/Unreal Files/Projects/ShootingRange/Content/SpaceshipInterior/Textures/T_Scifi_Bag_AO.ubulk" 994
"E:/Unreal Files/Projects/ShootingRange/Content/SpaceshipInterior/Textures/T_Scifi_Bag_AO.uasset" 995
"E:/Unreal Files/Projects/ShootingRange/Content/SpaceshipInterior/Textures/T_Scifi_Bag_AO.uexp" 996
"E:/Unreal Files/Projects/ShootingRange/Content/SpaceshipInterior/Textures/T_Scifi_Bag_S.ubulk" 997
"E:/Unreal Files/Projects/ShootingRange/Content/SpaceshipInterior/Textures/T_Scifi_Bag_S.uasset" 998
"E:/Unreal Files/Projects/ShootingRange/Content/SpaceshipInterior/Textures/T_Scifi_Bag_S.uexp" 999
"E:/Unreal Files/Projects/ShootingRange/Content/SpaceshipInterior/Textures/T_Scifi_Bag_R.ubulk" 1000
"E:/Unreal Files/Projects/ShootingRange/Content/SpaceshipInterior/Textures/T_Scifi_Bag_R.uasset" 1001
"E:/Unreal Files/Projects/ShootingRange/Content/SpaceshipInterior/Textures/T_Scifi_Bag_R.uexp" 1002
"E:/Unreal Files/Projects/ShootingRange/Content/SpaceshipInterior/Textures/T_Scifi_Bag_N.ubulk" 1003
"E:/Unreal Files/Projects/ShootingRange/Content/SpaceshipInterior/Textures/T_Scifi_Bag_N.uasset" 1004
"E:/Unreal Files/Projects/ShootingRange/Content/SpaceshipInterior/Textures/T_Scifi_Bag_N.uexp" 1005
"E:/Unreal Files/Projects/ShootingRange/Content/SpaceshipInterior/Materials/MI_Scifi_Bag_01.uasset" 1006
"E:/Unreal Files/Projects/ShootingRange/Content/SpaceshipInterior/Materials/MI_Scifi_Bag_01.uexp" 1007
"E:/Unreal Files/Projects/ShootingRange/Content/SpaceshipInterior/Meshes/SM_Scifi_Bag.ubulk" 1008
"E:/Unreal Files/Projects/ShootingRange/Content/SpaceshipInterior/Meshes/SM_Scifi_Bag.uasset" 1009
"E:/Unreal Files/Projects/ShootingRange/Content/SpaceshipInterior/Meshes/SM_Scifi_Bag.uexp" 1010
"../../../Engine/Content/Maps/Entry_BuiltData.uasset" 1011
"../../../Engine/Content/Maps/Entry_BuiltData.uexp" 1012
"../../../Engine/Content/Maps/Entry.uexp" 1013
"../../../Engine/Content/Maps/Entry.umap" 1014
"E:/Unreal Files/Projects/ShootingRange/Content/MyFiles/Blueprints/UI/BP_CrosshairHUD.uasset" 1015
"E:/Unreal Files/Projects/ShootingRange/Content/MyFiles/Blueprints/UI/BP_CrosshairHUD.uexp" 1016
"E:/Unreal Files/Projects/ShootingRange/Content/FirstPerson/Blueprints/BP_FirstPersonGameMode.uasset" 1017
"E:/Unreal Files/Projects/ShootingRange/Content/FirstPerson/Blueprints/BP_FirstPersonGameMode.uexp" 1018
"../../../Engine/Content/Maps/Templates/HLODs/HLODLayer_Instanced.uasset" 1019
"../../../Engine/Content/Maps/Templates/HLODs/HLODLayer_Instanced.uexp" 1020
"E:/Unreal Files/Projects/ShootingRange/Content/FirstPerson/Maps/FirstPersonMap.uexp" 1021
"E:/Unreal Files/Projects/ShootingRange/Content/FirstPerson/Maps/FirstPersonMap.umap" 1022
"E:/Unreal Files/Projects/ShootingRange/Content/Maps/FirstPersonMap.uexp" 1023
"E:/Unreal Files/Projects/ShootingRange/Content/Maps/FirstPersonMap.umap" 1024
